[17:53:55.198][CONSTRUCT][CLIENT][INFO] Starting building internal Registries
[17:53:58.451][CONSTRUCT][CLIENT][INFO] The following mods have explicit CraftTweaker support:
'aoa3' at version '3.5.4'
'appliedenergisticstweaker' at version '1.0.0.15'
'astralsorcery' at version '1.16.5-1.13.12'
'botanypots' at version '7.1.39'
'crafttweaker' at version '7.1.2.511'
'farmersdelight' at version '1.16.5-0.6.0'
'jeitweaker' at version '1.1.0.49'
'mekanism' at version '10.1.2'
'mysticalagriculture' at version '4.2.6'
[17:53:59.373][CONSTRUCT][CLIENT][INFO] Completed building internal Registries
[17:54:12.577][LOAD_REGISTRIES][CLIENT][INFO] Started loading Scripts for Loader 'mekanismcontent'!
[17:54:13.261][LOAD_REGISTRIES][CLIENT][INFO] Finished loading Scripts!
[17:54:13.261][LOAD_REGISTRIES][CLIENT][INFO] Registering 0 custom gases.
[17:54:13.277][LOAD_REGISTRIES][CLIENT][INFO] Registering 0 custom infuse types.
[17:54:13.288][LOAD_REGISTRIES][CLIENT][INFO] Registering 0 custom pigments.
[17:54:13.291][LOAD_REGISTRIES][CLIENT][INFO] Registering 0 custom robit skins.
[17:54:13.294][LOAD_REGISTRIES][CLIENT][INFO] Registering 0 custom slurries.
[17:54:15.081][COMMON_SETUP][CLIENT][INFO] Started loading Scripts for Loader 'setupCommon'!
[17:54:15.314][COMMON_SETUP][CLIENT][INFO] Finished loading Scripts!
[17:54:32.956][DONE][CLIENT][INFO] Started loading Scripts for Loader 'crafttweaker'!
[17:54:33.030][DONE][CLIENT][INFO] Loading file: 'JEI.zs' with priority: 10
[17:54:33.033][DONE][CLIENT][INFO] Loading file: 'aoaRecipes.zs' with priority: 10
[17:54:33.038][DONE][CLIENT][INFO] Loading file: 'astralSorcery.zs' with priority: 10
[17:54:33.038][DONE][CLIENT][INFO] Loading file: 'circuits_boards.zs' with priority: 10
[17:54:33.041][DONE][CLIENT][INFO] Loading file: 'craftingTable.zs' with priority: 10
[17:54:33.047][DONE][CLIENT][INFO] Loading file: 'essence_blocks.zs' with priority: 10
[17:54:33.048][DONE][CLIENT][INFO] Loading file: 'furnace.zs' with priority: 10
[17:54:33.048][DONE][CLIENT][INFO] Loading file: 'inscriber.zs' with priority: 10
[17:54:33.049][DONE][CLIENT][INFO] Loading file: 'mysticalag.zs' with priority: 10
[17:54:33.051][DONE][CLIENT][INFO] Loading file: 'ore_compat.zs' with priority: 10
[17:54:33.052][DONE][CLIENT][INFO] Loading file: 'overworld_coordinate.zs' with priority: 10
[17:54:33.053][DONE][CLIENT][INFO] Loading file: 'resourceful_spawn_eggs.zs' with priority: 10
[17:54:33.053][DONE][CLIENT][INFO] Loading file: 'stonecutter.zs' with priority: 10
[17:54:33.054][DONE][CLIENT][INFO] Loading file: 'thrusters.zs' with priority: 10
[17:54:33.054][DONE][CLIENT][INFO] Loading file: 'tooltips.zs' with priority: 10
[17:54:33.055][DONE][CLIENT][INFO] Loading file: 'trades.zs' with priority: 10
[17:54:33.256][DONE][CLIENT][INFO] Removing "minecraft:crafting" recipes with output: <item:aoa3:stone_bowl>"
[17:54:33.267][DONE][CLIENT][INFO] Removing "minecraft:crafting" recipes with output: <item:aoa3:infusion_table>"
[17:54:33.281][DONE][CLIENT][INFO] Adding "minecraft:crafting" recipe, of type: "shaped", with name: "crafttweaker:stone_bowl" that outputs: <item:aoa3:stone_bowl>.mutable()
[17:54:33.284][DONE][CLIENT][INFO] Adding "minecraft:crafting" recipe, of type: "shaped", with name: "crafttweaker:infusion_table" that outputs: <item:aoa3:infusion_table>.mutable()
[17:54:33.290][DONE][CLIENT][INFO] Removing "astralsorcery:altar" recipe with name: "astralsorcery:altar/well"
[17:54:33.290][DONE][CLIENT][INFO] Removing "astralsorcery:altar" recipe with name: "astralsorcery:altar/wand"
[17:54:33.290][DONE][CLIENT][INFO] Removing "minecraft:crafting" recipes with output: <item:astralsorcery:wand>"
[17:54:33.295][DONE][CLIENT][INFO] Adding "astralsorcery:block_transmutation" recipe, with name: "minecraft:iron_ore" that outputs: <item:minecraft:air>.mutable()
[17:54:33.296][DONE][CLIENT][INFO] Adding "astralsorcery:block_transmutation" recipe, with name: "minecraft:magnetite_ore" that outputs: <item:minecraft:air>.mutable()
[17:54:33.297][DONE][CLIENT][INFO] Adding "astralsorcery:block_transmutation" recipe, with name: "minecraft:bauxite_ore" that outputs: <item:minecraft:air>.mutable()
[17:54:33.297][DONE][CLIENT][INFO] Adding "astralsorcery:block_transmutation" recipe, with name: "minecraft:uranium_ore" that outputs: <item:minecraft:air>.mutable()
[17:54:33.298][DONE][CLIENT][INFO] Adding "astralsorcery:block_transmutation" recipe, with name: "minecraft:fluorite_ore" that outputs: <item:minecraft:air>.mutable()
[17:54:33.298][DONE][CLIENT][INFO] Adding "astralsorcery:block_transmutation" recipe, with name: "minecraft:diamond_ore" that outputs: <item:minecraft:air>.mutable()
[17:54:33.298][DONE][CLIENT][INFO] Adding "astralsorcery:block_transmutation" recipe, with name: "minecraft:emerald_ore" that outputs: <item:minecraft:air>.mutable()
[17:54:33.299][DONE][CLIENT][INFO] Adding "astralsorcery:well" recipe, with name: "minecraft:menril_fluid" that outputs: <item:minecraft:air>.mutable()
[17:54:33.300][DONE][CLIENT][INFO] Adding "astralsorcery:well" recipe, with name: "minecraft:starlight_moonstone" that outputs: <item:minecraft:air>.mutable()
[17:54:33.301][DONE][CLIENT][INFO] Adding "astralsorcery:well" recipe, with name: "minecraft:starlight_shard" that outputs: <item:minecraft:air>.mutable()
[17:54:33.302][DONE][CLIENT][INFO] Adding "astralsorcery:well" recipe, with name: "minecraft:neon" that outputs: <item:minecraft:air>.mutable()
[17:54:33.308][DONE][CLIENT][INFO] Adding "astralsorcery:altar" recipe, with name: "minecraft:well" that outputs: <item:minecraft:air>.mutable()
[17:54:33.308][DONE][CLIENT][INFO] Adding "astralsorcery:altar" recipe, with name: "minecraft:wand" that outputs: <item:minecraft:air>.mutable()
[17:54:33.310][DONE][CLIENT][INFO] Adding "minecraft:crafting" recipe, of type: "shaped", with name: "crafttweaker:wand" that outputs: <item:astralsorcery:wand>.mutable()
[17:54:33.311][DONE][CLIENT][INFO] Removing "minecraft:crafting" recipes with output: <item:rftoolscontrol:ram_chip>"
[17:54:33.315][DONE][CLIENT][INFO] Removing "minecraft:crafting" recipes with output: <item:rftoolscontrol:card_base>"
[17:54:33.318][DONE][CLIENT][INFO] Removing "minecraft:crafting" recipes with output: <item:rftoolscontrol:cpu_core_500>"
[17:54:33.322][DONE][CLIENT][INFO] Removing "minecraft:crafting" recipes with output: <item:rftoolscontrol:cpu_core_1000>"
[17:54:33.325][DONE][CLIENT][INFO] Removing "minecraft:crafting" recipes with output: <item:rftoolscontrol:cpu_core_2000>"
[17:54:33.328][DONE][CLIENT][INFO] Removing "minecraft:crafting" recipes with output: <item:mekanism:advanced_control_circuit>"
[17:54:33.332][DONE][CLIENT][INFO] Removing "minecraft:crafting" recipes with output: <item:mekanism:elite_control_circuit>"
[17:54:33.335][DONE][CLIENT][INFO] Removing "minecraft:crafting" recipes with output: <item:mekanism:ultimate_control_circuit>"
[17:54:33.338][DONE][CLIENT][INFO] Removing "minecraft:crafting" recipes with output: <item:mekanism:basic_tier_installer>"
[17:54:33.341][DONE][CLIENT][INFO] Removing "minecraft:crafting" recipes with output: <item:mekanism:advanced_tier_installer>"
[17:54:33.344][DONE][CLIENT][INFO] Removing "minecraft:crafting" recipes with output: <item:mekanism:elite_tier_installer>"
[17:54:33.346][DONE][CLIENT][INFO] Removing "minecraft:crafting" recipes with output: <item:mekanism:ultimate_tier_installer>"
[17:54:33.348][DONE][CLIENT][INFO] Removing "minecraft:crafting" recipes with output: <item:mekanism:basic_smelting_factory>"
[17:54:33.350][DONE][CLIENT][INFO] Removing "minecraft:crafting" recipes with output: <item:mekanism:basic_enriching_factory>"
[17:54:33.352][DONE][CLIENT][INFO] Removing "minecraft:crafting" recipes with output: <item:mekanism:basic_crushing_factory>"
[17:54:33.354][DONE][CLIENT][INFO] Removing "minecraft:crafting" recipes with output: <item:mekanism:basic_compressing_factory>"
[17:54:33.355][DONE][CLIENT][INFO] Removing "minecraft:crafting" recipes with output: <item:mekanism:basic_combining_factory>"
[17:54:33.358][DONE][CLIENT][INFO] Removing "minecraft:crafting" recipes with output: <item:mekanism:basic_purifying_factory>"
[17:54:33.361][DONE][CLIENT][INFO] Removing "minecraft:crafting" recipes with output: <item:mekanism:basic_injecting_factory>"
[17:54:33.363][DONE][CLIENT][INFO] Removing "minecraft:crafting" recipes with output: <item:mekanism:basic_infusing_factory>"
[17:54:33.365][DONE][CLIENT][INFO] Removing "minecraft:crafting" recipes with output: <item:mekanism:basic_sawing_factory>"
[17:54:33.367][DONE][CLIENT][INFO] Removing "minecraft:crafting" recipes with output: <item:mekanism:advanced_smelting_factory>"
[17:54:33.368][DONE][CLIENT][INFO] Removing "minecraft:crafting" recipes with output: <item:mekanism:advanced_enriching_factory>"
[17:54:33.373][DONE][CLIENT][INFO] Removing "minecraft:crafting" recipes with output: <item:mekanism:advanced_crushing_factory>"
[17:54:33.375][DONE][CLIENT][INFO] Removing "minecraft:crafting" recipes with output: <item:mekanism:advanced_compressing_factory>"
[17:54:33.377][DONE][CLIENT][INFO] Removing "minecraft:crafting" recipes with output: <item:mekanism:advanced_combining_factory>"
[17:54:33.379][DONE][CLIENT][INFO] Removing "minecraft:crafting" recipes with output: <item:mekanism:advanced_purifying_factory>"
[17:54:33.380][DONE][CLIENT][INFO] Removing "minecraft:crafting" recipes with output: <item:mekanism:advanced_injecting_factory>"
[17:54:33.381][DONE][CLIENT][INFO] Removing "minecraft:crafting" recipes with output: <item:mekanism:advanced_infusing_factory>"
[17:54:33.383][DONE][CLIENT][INFO] Removing "minecraft:crafting" recipes with output: <item:mekanism:advanced_sawing_factory>"
[17:54:33.385][DONE][CLIENT][INFO] Removing "minecraft:crafting" recipes with output: <item:mekanism:elite_smelting_factory>"
[17:54:33.387][DONE][CLIENT][INFO] Removing "minecraft:crafting" recipes with output: <item:mekanism:elite_enriching_factory>"
[17:54:33.388][DONE][CLIENT][INFO] Removing "minecraft:crafting" recipes with output: <item:mekanism:elite_crushing_factory>"
[17:54:33.391][DONE][CLIENT][INFO] Removing "minecraft:crafting" recipes with output: <item:mekanism:elite_compressing_factory>"
[17:54:33.393][DONE][CLIENT][INFO] Removing "minecraft:crafting" recipes with output: <item:mekanism:elite_combining_factory>"
[17:54:33.395][DONE][CLIENT][INFO] Removing "minecraft:crafting" recipes with output: <item:mekanism:elite_purifying_factory>"
[17:54:33.396][DONE][CLIENT][INFO] Removing "minecraft:crafting" recipes with output: <item:mekanism:elite_injecting_factory>"
[17:54:33.398][DONE][CLIENT][INFO] Removing "minecraft:crafting" recipes with output: <item:mekanism:elite_infusing_factory>"
[17:54:33.400][DONE][CLIENT][INFO] Removing "minecraft:crafting" recipes with output: <item:mekanism:elite_sawing_factory>"
[17:54:33.402][DONE][CLIENT][INFO] Removing "minecraft:crafting" recipes with output: <item:mekanism:ultimate_smelting_factory>"
[17:54:33.404][DONE][CLIENT][INFO] Removing "minecraft:crafting" recipes with output: <item:mekanism:ultimate_enriching_factory>"
[17:54:33.406][DONE][CLIENT][INFO] Removing "minecraft:crafting" recipes with output: <item:mekanism:ultimate_crushing_factory>"
[17:54:33.407][DONE][CLIENT][INFO] Removing "minecraft:crafting" recipes with output: <item:mekanism:ultimate_compressing_factory>"
[17:54:33.408][DONE][CLIENT][INFO] Removing "minecraft:crafting" recipes with output: <item:mekanism:ultimate_combining_factory>"
[17:54:33.411][DONE][CLIENT][INFO] Removing "minecraft:crafting" recipes with output: <item:mekanism:ultimate_purifying_factory>"
[17:54:33.413][DONE][CLIENT][INFO] Removing "minecraft:crafting" recipes with output: <item:mekanism:ultimate_injecting_factory>"
[17:54:33.414][DONE][CLIENT][INFO] Removing "minecraft:crafting" recipes with output: <item:mekanism:ultimate_infusing_factory>"
[17:54:33.416][DONE][CLIENT][INFO] Removing "minecraft:crafting" recipes with output: <item:mekanism:ultimate_sawing_factory>"
[17:54:33.417][DONE][CLIENT][INFO] Adding "minecraft:crafting" recipe, of type: "shaped", with name: "crafttweaker:logic_chip" that outputs: <item:futurepack:chip_logic>.mutable()
[17:54:33.418][DONE][CLIENT][INFO] Adding "minecraft:crafting" recipe, of type: "shaped", with name: "crafttweaker:ram_chip" that outputs: <item:rftoolscontrol:ram_chip>.mutable()
[17:54:33.419][DONE][CLIENT][INFO] Adding "minecraft:crafting" recipe, of type: "shaped", with name: "crafttweaker:cpu_core_500" that outputs: <item:rftoolscontrol:cpu_core_500>.mutable()
[17:54:33.419][DONE][CLIENT][INFO] Adding "minecraft:crafting" recipe, of type: "shaped", with name: "crafttweaker:basic_machine_board" that outputs: <item:kubejs:basic_machine_board>.mutable()
[17:54:33.420][DONE][CLIENT][INFO] Adding "minecraft:crafting" recipe, of type: "shaped", with name: "crafttweaker:standard_core" that outputs: <item:futurepack:core_standart>.mutable()
[17:54:33.420][DONE][CLIENT][INFO] Adding "minecraft:crafting" recipe, of type: "shaped", with name: "crafttweaker:standard_ram" that outputs: <item:futurepack:ram_standart>.mutable()
[17:54:33.420][DONE][CLIENT][INFO] Adding "minecraft:crafting" recipe, of type: "shaped", with name: "crafttweaker:basic_control_circuit" that outputs: <item:mekanism:basic_control_circuit>.mutable()
[17:54:33.420][DONE][CLIENT][INFO] Adding "minecraft:crafting" recipe, of type: "shaped", with name: "crafttweaker:blank_base" that outputs: <item:kubejs:blank_base>.mutable()
[17:54:33.421][DONE][CLIENT][INFO] Adding "minecraft:crafting" recipe, of type: "shaped", with name: "crafttweaker:basic_installer" that outputs: <item:mekanism:basic_tier_installer>.mutable()
[17:54:33.421][DONE][CLIENT][INFO] Adding "minecraft:crafting" recipe, of type: "shaped", with name: "crafttweaker:advanced_installer" that outputs: <item:mekanism:advanced_tier_installer>.mutable()
[17:54:33.421][DONE][CLIENT][INFO] Adding "minecraft:crafting" recipe, of type: "shaped", with name: "crafttweaker:elite_installer" that outputs: <item:mekanism:elite_tier_installer>.mutable()
[17:54:33.422][DONE][CLIENT][INFO] Adding "minecraft:crafting" recipe, of type: "shaped", with name: "crafttweaker:ultimate_installer" that outputs: <item:mekanism:ultimate_tier_installer>.mutable()
[17:54:33.427][DONE][CLIENT][INFO] Removing "minecraft:crafting" recipes with modid: "scannable"
[17:54:33.430][DONE][CLIENT][INFO] Removing "minecraft:crafting" recipes with output: <item:integrateddynamics:drying_basin>"
[17:54:33.432][DONE][CLIENT][INFO] Removing "minecraft:crafting" recipes with output: <item:integrateddynamics:squeezer>"
[17:54:33.435][DONE][CLIENT][INFO] Removing "minecraft:crafting" recipe with name: "mysticalagriculture:prudentium_essence"
[17:54:33.435][DONE][CLIENT][INFO] Removing "minecraft:crafting" recipe with name: "mysticalagriculture:tertium_essence"
[17:54:33.435][DONE][CLIENT][INFO] Removing "minecraft:crafting" recipe with name: "mysticalagriculture:imperium_essence"
[17:54:33.435][DONE][CLIENT][INFO] Removing "minecraft:crafting" recipe with name: "mysticalagriculture:supremium_essence"
[17:54:33.435][DONE][CLIENT][INFO] Removing "minecraft:crafting" recipe with name: "mysticalagriculture:infusion_crystal"
[17:54:33.435][DONE][CLIENT][INFO] Removing "minecraft:crafting" recipe with name: "mysticalagriculture:master_infusion_crystal"
[17:54:33.435][DONE][CLIENT][INFO] Removing "minecraft:crafting" recipes with output: <item:mekanism:metallurgic_infuser>"
[17:54:33.436][DONE][CLIENT][INFO] Removing "minecraft:crafting" recipes with output: <item:rftoolsbase:machine_frame>"
[17:54:33.438][DONE][CLIENT][INFO] Removing "minecraft:crafting" recipes with output: <item:rftoolsbase:machine_base>"
[17:54:33.440][DONE][CLIENT][INFO] Removing "minecraft:crafting" recipes with output: <item:mekanism:energized_smelter>"
[17:54:33.441][DONE][CLIENT][INFO] Removing "minecraft:crafting" recipes with output: <item:mekanism:enrichment_chamber>"
[17:54:33.442][DONE][CLIENT][INFO] Removing "minecraft:crafting" recipes with output: <item:appliedenergistics2:inscriber>"
[17:54:33.443][DONE][CLIENT][INFO] Removing "minecraft:crafting" recipes with output: <item:mekanism:basic_fluid_tank>"
[17:54:33.443][DONE][CLIENT][INFO] Removing "minecraft:crafting" recipes with output: <item:mekanism:advanced_fluid_tank>"
[17:54:33.444][DONE][CLIENT][INFO] Removing "minecraft:crafting" recipes with output: <item:mekanism:elite_fluid_tank>"
[17:54:33.445][DONE][CLIENT][INFO] Removing "minecraft:crafting" recipes with output: <item:mekanism:ultimate_fluid_tank>"
[17:54:33.447][DONE][CLIENT][INFO] Removing "minecraft:crafting" recipes with output: <item:mekanism:basic_chemical_tank>"
[17:54:33.448][DONE][CLIENT][INFO] Removing "minecraft:crafting" recipes with output: <item:mekanism:advanced_chemical_tank>"
[17:54:33.448][DONE][CLIENT][INFO] Removing "minecraft:crafting" recipes with output: <item:mekanism:elite_chemical_tank>"
[17:54:33.450][DONE][CLIENT][INFO] Removing "minecraft:crafting" recipes with output: <item:mekanism:ultimate_chemical_tank>"
[17:54:33.451][DONE][CLIENT][INFO] Removing "minecraft:crafting" recipes with output: <item:mekanism:electrolytic_core>"
[17:54:33.452][DONE][CLIENT][INFO] Removing "minecraft:crafting" recipes with output: <item:mekanism:electrolytic_separator>"
[17:54:33.453][DONE][CLIENT][INFO] Removing "minecraft:crafting" recipes with output: <item:mekanism:crusher>"
[17:54:33.454][DONE][CLIENT][INFO] Removing "minecraft:crafting" recipes with output: <item:mekanism:purification_chamber>"
[17:54:33.455][DONE][CLIENT][INFO] Removing "minecraft:crafting" recipes with output: <item:mekanism:osmium_compressor>"
[17:54:33.455][DONE][CLIENT][INFO] Removing "minecraft:crafting" recipes with output: <item:mekanism:chemical_infuser>"
[17:54:33.456][DONE][CLIENT][INFO] Removing "minecraft:crafting" recipes with output: <item:mekanism:precision_sawmill>"
[17:54:33.456][DONE][CLIENT][INFO] Removing "minecraft:crafting" recipes with output: <item:resourcefulbees:t1_beehive>"
[17:54:33.456][DONE][CLIENT][INFO] Removing "minecraft:crafting" recipes with output: <item:resourcefulbees:t1_hive_upgrade>"
[17:54:33.457][DONE][CLIENT][INFO] Removing "minecraft:crafting" recipes with output: <item:minecraft:blast_furnace>"
[17:54:33.458][DONE][CLIENT][INFO] Removing "minecraft:crafting" recipes with output: <item:blue_skies:ventium_bucket>"
[17:54:33.459][DONE][CLIENT][INFO] Removing "minecraft:crafting" recipes with output: <item:blue_skies:ventium_shears>"
[17:54:33.460][DONE][CLIENT][INFO] Removing "minecraft:crafting" recipes with output: <item:blue_skies:zeal_lighter>"
[17:54:33.462][DONE][CLIENT][INFO] Removing "minecraft:crafting" recipes with output: <item:simpleplanes:wrench>"
[17:54:33.464][DONE][CLIENT][INFO] Removing "minecraft:crafting" recipes with output: <item:simpleplanes:propeller>"
[17:54:33.466][DONE][CLIENT][INFO] Removing "minecraft:crafting" recipes with output: <item:simpleplanes:furnace_engine>"
[17:54:33.468][DONE][CLIENT][INFO] Removing "minecraft:crafting" recipes with output: <item:simpleplanes:plane_workbench>"
[17:54:33.470][DONE][CLIENT][INFO] Removing "minecraft:crafting" recipes with output: <item:futurepack:astrofood2>"
[17:54:33.470][DONE][CLIENT][INFO] Removing "minecraft:crafting" recipes with output: <item:farmersdelight:cooking_pot>"
[17:54:33.472][DONE][CLIENT][INFO] Removing "minecraft:crafting" recipes with output: <item:tombstone:dark_marble>"
[17:54:33.473][DONE][CLIENT][INFO] Removing "minecraft:crafting" recipes with output: <item:tombstone:white_marble>"
[17:54:33.475][DONE][CLIENT][INFO] Removing "minecraft:crafting" recipes with output: <item:tombstone:tablet_of_home>"
[17:54:33.476][DONE][CLIENT][INFO] Removing "minecraft:crafting" recipes with output: <item:solarflux:sp_1>"
[17:54:33.478][DONE][CLIENT][INFO] Removing "minecraft:crafting" recipes with output: <item:solarflux:sp_2>"
[17:54:33.478][DONE][CLIENT][INFO] Removing "minecraft:crafting" recipes with output: <item:solarflux:sp_3>"
[17:54:33.480][DONE][CLIENT][INFO] Removing "minecraft:crafting" recipes with output: <item:solarflux:sp_4>"
[17:54:33.482][DONE][CLIENT][INFO] Removing "minecraft:crafting" recipes with output: <item:solarflux:sp_5>"
[17:54:33.483][DONE][CLIENT][INFO] Removing "minecraft:crafting" recipes with output: <item:solarflux:sp_6>"
[17:54:33.483][DONE][CLIENT][INFO] Removing "minecraft:crafting" recipes with output: <item:solarflux:sp_7>"
[17:54:33.484][DONE][CLIENT][INFO] Removing "minecraft:crafting" recipes with output: <item:solarflux:sp_8>"
[17:54:33.485][DONE][CLIENT][INFO] Removing "minecraft:crafting" recipes with output: <item:rftoolsutility:dialing_device>"
[17:54:33.485][DONE][CLIENT][INFO] Removing "minecraft:crafting" recipes with output: <item:mekanism:teleportation_core>"
[17:54:33.487][DONE][CLIENT][INFO] Removing "minecraft:crafting" recipes with output: <item:aoa3:creation_forge>"
[17:54:33.489][DONE][CLIENT][INFO] Removing "minecraft:crafting" recipes with output: <item:simplegens:simple_culinary>"
[17:54:33.490][DONE][CLIENT][INFO] Removing "minecraft:crafting" recipes with output: <item:blue_skies:camel_saddle>"
[17:54:33.492][DONE][CLIENT][INFO] Removing "minecraft:crafting" recipes with output: <item:appliedenergistics2:controller>"
[17:54:33.494][DONE][CLIENT][INFO] Removing "minecraft:crafting" recipes with output: <item:soultrap:soul_trap>"
[17:54:33.496][DONE][CLIENT][INFO] Removing "minecraft:crafting" recipes with output: <item:mekanism:chemical_crystallizer>"
[17:54:33.498][DONE][CLIENT][INFO] Adding "minecraft:crafting" recipe, of type: "shapeless", with name: "crafttweaker:stick_to_stick" that outputs: <item:minecraft:stick>.mutable()
[17:54:33.498][DONE][CLIENT][INFO] Adding "minecraft:crafting" recipe, of type: "shapeless", with name: "crafttweaker:guts_to_slime" that outputs: <item:minecraft:slime_ball> * 2.mutable()
[17:54:33.498][DONE][CLIENT][INFO] Adding "minecraft:crafting" recipe, of type: "shapeless", with name: "crafttweaker:webs_to_string" that outputs: <item:minecraft:string> * 4.mutable()
[17:54:33.498][DONE][CLIENT][INFO] Adding "minecraft:crafting" recipe, of type: "shapeless", with name: "crafttweaker:dark_marble" that outputs: <item:tombstone:dark_marble>.mutable()
[17:54:33.498][DONE][CLIENT][INFO] Adding "minecraft:crafting" recipe, of type: "shapeless", with name: "crafttweaker:white_marble" that outputs: <item:tombstone:white_marble>.mutable()
[17:54:33.500][DONE][CLIENT][INFO] Adding "minecraft:crafting" recipe, of type: "shapeless", with name: "crafttweaker:reverse_experience" that outputs: <item:minecraft:experience_bottle> * 25.mutable()
[17:54:33.500][DONE][CLIENT][INFO] Adding "minecraft:crafting" recipe, of type: "shapeless", with name: "crafttweaker:crescent_salmon" that outputs: <item:kubejs:crescent_salmon>.mutable()
[17:54:33.500][DONE][CLIENT][INFO] Adding "minecraft:crafting" recipe, of type: "shapeless", with name: "crafttweaker:tablet_of_home" that outputs: <item:tombstone:tablet_of_home>.mutable()
[17:54:33.501][DONE][CLIENT][INFO] Adding "minecraft:crafting" recipe, of type: "shapeless", with name: "crafttweaker:cabbage_seed" that outputs: <item:farmersdelight:cabbage_seeds>.mutable()
[17:54:33.501][DONE][CLIENT][INFO] Adding "minecraft:crafting" recipe, of type: "shapeless", with name: "crafttweaker:beetroot_seed" that outputs: <item:minecraft:beetroot_seeds>.mutable()
[17:54:33.502][DONE][CLIENT][INFO] Adding "minecraft:crafting" recipe, of type: "shapeless", with name: "crafttweaker:prismarine" that outputs: <item:minecraft:prismarine_shard> * 4.mutable()
[17:54:33.502][DONE][CLIENT][INFO] Adding "minecraft:crafting" recipe, of type: "shapeless", with name: "crafttweaker:ivory" that outputs: <item:aoa3:ivory> * 3.mutable()
[17:54:33.503][DONE][CLIENT][INFO] Adding "minecraft:crafting" recipe, of type: "shaped", with name: "crafttweaker:oak_boat" that outputs: <item:minecraft:oak_boat>.mutable()
[17:54:33.503][DONE][CLIENT][INFO] Adding "minecraft:crafting" recipe, of type: "shaped", with name: "crafttweaker:spruce_boat" that outputs: <item:minecraft:spruce_boat>.mutable()
[17:54:33.503][DONE][CLIENT][INFO] Adding "minecraft:crafting" recipe, of type: "shaped", with name: "crafttweaker:birch_boat" that outputs: <item:minecraft:birch_boat>.mutable()
[17:54:33.504][DONE][CLIENT][INFO] Adding "minecraft:crafting" recipe, of type: "shaped", with name: "crafttweaker:jungle_boat" that outputs: <item:minecraft:jungle_boat>.mutable()
[17:54:33.504][DONE][CLIENT][INFO] Adding "minecraft:crafting" recipe, of type: "shaped", with name: "crafttweaker:acacia_boat" that outputs: <item:minecraft:acacia_boat>.mutable()
[17:54:33.504][DONE][CLIENT][INFO] Adding "minecraft:crafting" recipe, of type: "shaped", with name: "crafttweaker:dark_oak_boat" that outputs: <item:minecraft:dark_oak_boat>.mutable()
[17:54:33.505][DONE][CLIENT][INFO] Adding "minecraft:crafting" recipe, of type: "shaped", with name: "crafttweaker:soul_trap" that outputs: <item:soultrap:soul_trap>.mutable()
[17:54:33.505][DONE][CLIENT][INFO] Adding "minecraft:crafting" recipe, of type: "shaped", with name: "crafttweaker:ae2_controller" that outputs: <item:appliedenergistics2:controller>.mutable()
[17:54:33.505][DONE][CLIENT][INFO] Adding "minecraft:crafting" recipe, of type: "shaped", with name: "crafttweaker:camel_saddle" that outputs: <item:blue_skies:camel_saddle>.mutable()
[17:54:33.506][DONE][CLIENT][INFO] Adding "minecraft:crafting" recipe, of type: "shaped", with name: "crafttweaker:culinary_generator" that outputs: <item:simplegens:simple_culinary>.mutable()
[17:54:33.506][DONE][CLIENT][INFO] Adding "minecraft:crafting" recipe, of type: "shaped", with name: "crafttweaker:xp_generator" that outputs: <item:simplegens:simple_xp>.mutable()
[17:54:33.506][DONE][CLIENT][INFO] Adding "minecraft:crafting" recipe, of type: "shaped", with name: "crafttweaker:fluid_generator" that outputs: <item:simplegens:simple_fluid_combustion>.mutable()
[17:54:33.507][DONE][CLIENT][INFO] Adding "minecraft:crafting" recipe, of type: "shaped", with name: "crafttweaker:creation_forge" that outputs: <item:aoa3:creation_forge>.mutable()
[17:54:33.507][DONE][CLIENT][INFO] Adding "minecraft:crafting" recipe, of type: "shaped", with name: "crafttweaker:teleportation_core" that outputs: <item:mekanism:teleportation_core>.mutable()
[17:54:33.510][DONE][CLIENT][INFO] Adding "minecraft:crafting" recipe, of type: "shaped", with name: "crafttweaker:iron_shears" that outputs: <item:minecraft:shears>.mutable()
[17:54:33.511][DONE][CLIENT][INFO] Adding "minecraft:crafting" recipe, of type: "shaped", with name: "crafttweaker:moonshard_knife" that outputs: <item:kubejs:moonshard_knife>.mutable()
[17:54:33.511][DONE][CLIENT][INFO] Adding "minecraft:crafting" recipe, of type: "shaped", with name: "crafttweaker:wind_rune_8" that outputs: <item:aoa3:wind_rune> * 8.mutable()
[17:54:33.512][DONE][CLIENT][INFO] Adding "minecraft:crafting" recipe, of type: "shaped", with name: "crafttweaker:wind_rune_16" that outputs: <item:aoa3:wind_rune> * 16.mutable()
[17:54:33.512][DONE][CLIENT][INFO] Adding "minecraft:crafting" recipe, of type: "shaped", with name: "crafttweaker:rune_shrine" that outputs: <item:aoa3:rune_shrine>.mutable()
[17:54:33.512][DONE][CLIENT][INFO] Adding "minecraft:crafting" recipe, of type: "shaped", with name: "crafttweaker:dialing_device" that outputs: <item:rftoolsutility:dialing_device>.mutable()
[17:54:33.512][DONE][CLIENT][INFO] Adding "minecraft:crafting" recipe, of type: "shaped", with name: "crafttweaker:cooking_pot" that outputs: <item:farmersdelight:cooking_pot>.mutable()
[17:54:33.513][DONE][CLIENT][INFO] Adding "minecraft:crafting" recipe, of type: "shaped", with name: "crafttweaker:astro_food" that outputs: <item:futurepack:astrofood2>.mutable()
[17:54:33.513][DONE][CLIENT][INFO] Adding "minecraft:crafting" recipe, of type: "shaped", with name: "crafttweaker:brewberry_popsicle" that outputs: <item:kubejs:brewberry_popsicle>.mutable()
[17:54:33.513][DONE][CLIENT][INFO] Adding "minecraft:crafting" recipe, of type: "shaped", with name: "crafttweaker:wrench" that outputs: <item:simpleplanes:wrench>.mutable()
[17:54:33.514][DONE][CLIENT][INFO] Adding "minecraft:crafting" recipe, of type: "shaped", with name: "crafttweaker:propeller" that outputs: <item:simpleplanes:propeller>.mutable()
[17:54:33.514][DONE][CLIENT][INFO] Adding "minecraft:crafting" recipe, of type: "shaped", with name: "crafttweaker:furnace_engine" that outputs: <item:simpleplanes:furnace_engine>.mutable()
[17:54:33.515][DONE][CLIENT][INFO] Adding "minecraft:crafting" recipe, of type: "shaped", with name: "crafttweaker:workbench" that outputs: <item:simpleplanes:plane_workbench>.mutable()
[17:54:33.515][DONE][CLIENT][INFO] Adding "minecraft:crafting" recipe, of type: "shaped", with name: "crafttweaker:iron_bucket" that outputs: <item:minecraft:bucket>.mutable()
[17:54:33.515][DONE][CLIENT][INFO] Adding "minecraft:crafting" recipe, of type: "shaped", with name: "crafttweaker:blast_furnace" that outputs: <item:minecraft:blast_furnace>.mutable()
[17:54:33.516][DONE][CLIENT][INFO] Adding "minecraft:crafting" recipe, of type: "shaped", with name: "crafttweaker:essence_of_undeath" that outputs: <item:tombstone:essence_of_undeath>.mutable()
[17:54:33.520][DONE][CLIENT][INFO] Adding "minecraft:crafting" recipe, of type: "shaped", with name: "crafttweaker:backpack" that outputs: <item:sophisticatedbackpacks:backpack>.withTag({borderColor: 8991416 as int, clothColor: 8991416 as int}).mutable()
[17:54:33.520][DONE][CLIENT][INFO] Adding "minecraft:crafting" recipe, of type: "shaped", with name: "crafttweaker:luminous_table" that outputs: <item:astralsorcery:altar_discovery>.mutable()
[17:54:33.520][DONE][CLIENT][INFO] Adding "minecraft:crafting" recipe, of type: "shaped", with name: "crafttweaker:beehive" that outputs: <item:resourcefulbees:t1_beehive>.mutable()
[17:54:33.521][DONE][CLIENT][INFO] Adding "minecraft:crafting" recipe, of type: "shaped", with name: "crafttweaker:marble" that outputs: <item:astralsorcery:marble_raw> * 4.mutable()
[17:54:33.521][DONE][CLIENT][INFO] Adding "minecraft:crafting" recipe, of type: "shaped", with name: "crafttweaker:drying_basin" that outputs: <item:integrateddynamics:drying_basin>.mutable()
[17:54:33.521][DONE][CLIENT][INFO] Adding "minecraft:crafting" recipe, of type: "shaped", with name: "crafttweaker:squeezer" that outputs: <item:integrateddynamics:squeezer>.mutable()
[17:54:33.522][DONE][CLIENT][INFO] Adding "minecraft:crafting" recipe, of type: "shaped", with name: "crafttweaker:machine_frame" that outputs: <item:rftoolsbase:machine_frame>.mutable()
[17:54:33.522][DONE][CLIENT][INFO] Adding "minecraft:crafting" recipe, of type: "shaped", with name: "crafttweaker:machine_base" that outputs: <item:rftoolsbase:machine_base>.mutable()
[17:54:33.522][DONE][CLIENT][INFO] Adding "minecraft:crafting" recipe, of type: "shaped", with name: "crafttweaker:metal_infuser" that outputs: <item:mekanism:metallurgic_infuser>.mutable()
[17:54:33.523][DONE][CLIENT][INFO] Adding "minecraft:crafting" recipe, of type: "shaped", with name: "crafttweaker:smelter" that outputs: <item:mekanism:energized_smelter>.mutable()
[17:54:33.523][DONE][CLIENT][INFO] Adding "minecraft:crafting" recipe, of type: "shaped", with name: "crafttweaker:enrichment" that outputs: <item:mekanism:enrichment_chamber>.mutable()
[17:54:33.523][DONE][CLIENT][INFO] Adding "minecraft:crafting" recipe, of type: "shaped", with name: "crafttweaker:separator" that outputs: <item:mekanism:electrolytic_separator>.mutable()
[17:54:33.523][DONE][CLIENT][INFO] Adding "minecraft:crafting" recipe, of type: "shaped", with name: "crafttweaker:crusher" that outputs: <item:mekanism:crusher>.mutable()
[17:54:33.524][DONE][CLIENT][INFO] Adding "minecraft:crafting" recipe, of type: "shaped", with name: "crafttweaker:crystallizer" that outputs: <item:mekanism:chemical_crystallizer>.mutable()
[17:54:33.524][DONE][CLIENT][INFO] Adding "minecraft:crafting" recipe, of type: "shaped", with name: "crafttweaker:purifying" that outputs: <item:mekanism:purification_chamber>.mutable()
[17:54:33.524][DONE][CLIENT][INFO] Adding "minecraft:crafting" recipe, of type: "shaped", with name: "crafttweaker:compressor" that outputs: <item:mekanism:osmium_compressor>.mutable()
[17:54:33.525][DONE][CLIENT][INFO] Adding "minecraft:crafting" recipe, of type: "shaped", with name: "crafttweaker:infuser" that outputs: <item:mekanism:chemical_infuser>.mutable()
[17:54:33.525][DONE][CLIENT][INFO] Adding "minecraft:crafting" recipe, of type: "shaped", with name: "crafttweaker:sawmill" that outputs: <item:mekanism:precision_sawmill>.mutable()
[17:54:33.525][DONE][CLIENT][INFO] Adding "minecraft:crafting" recipe, of type: "shaped", with name: "crafttweaker:inscriber" that outputs: <item:appliedenergistics2:inscriber>.mutable()
[17:54:33.526][DONE][CLIENT][INFO] Adding "minecraft:crafting" recipe, of type: "shaped", with name: "crafttweaker:basic_fluid_tank" that outputs: <item:mekanism:basic_fluid_tank>.mutable()
[17:54:33.526][DONE][CLIENT][INFO] Adding "minecraft:crafting" recipe, of type: "shaped", with name: "crafttweaker:advanced_fluid_tank" that outputs: <item:mekanism:advanced_fluid_tank>.mutable()
[17:54:33.526][DONE][CLIENT][INFO] Adding "minecraft:crafting" recipe, of type: "shaped", with name: "crafttweaker:elite_fluid_tank" that outputs: <item:mekanism:elite_fluid_tank>.mutable()
[17:54:33.527][DONE][CLIENT][INFO] Adding "minecraft:crafting" recipe, of type: "shaped", with name: "crafttweaker:ultimate_fluid_tank" that outputs: <item:mekanism:ultimate_fluid_tank>.mutable()
[17:54:33.527][DONE][CLIENT][INFO] Adding "minecraft:crafting" recipe, of type: "shaped", with name: "crafttweaker:basic_gas_tank" that outputs: <item:mekanism:basic_chemical_tank>.mutable()
[17:54:33.527][DONE][CLIENT][INFO] Adding "minecraft:crafting" recipe, of type: "shaped", with name: "crafttweaker:advanced_gas_tank" that outputs: <item:mekanism:advanced_chemical_tank>.mutable()
[17:54:33.528][DONE][CLIENT][INFO] Adding "minecraft:crafting" recipe, of type: "shaped", with name: "crafttweaker:elite_gas_tank" that outputs: <item:mekanism:elite_chemical_tank>.mutable()
[17:54:33.528][DONE][CLIENT][INFO] Adding "minecraft:crafting" recipe, of type: "shaped", with name: "crafttweaker:ultimate_gas_tank" that outputs: <item:mekanism:ultimate_chemical_tank>.mutable()
[17:54:33.528][DONE][CLIENT][INFO] Adding "minecraft:crafting" recipe, of type: "shaped", with name: "crafttweaker:electrolytic_core" that outputs: <item:mekanism:electrolytic_core>.mutable()
[17:54:33.528][DONE][CLIENT][INFO] Adding "minecraft:crafting" recipe, of type: "shaped", with name: "crafttweaker:solar_1" that outputs: <item:solarflux:sp_1>.mutable()
[17:54:33.528][DONE][CLIENT][INFO] Adding "minecraft:crafting" recipe, of type: "shaped", with name: "crafttweaker:solar_2" that outputs: <item:solarflux:sp_2>.mutable()
[17:54:33.530][DONE][CLIENT][INFO] Adding "minecraft:crafting" recipe, of type: "shaped", with name: "crafttweaker:solar_3" that outputs: <item:solarflux:sp_3>.mutable()
[17:54:33.530][DONE][CLIENT][INFO] Adding "minecraft:crafting" recipe, of type: "shaped", with name: "crafttweaker:solar_4" that outputs: <item:solarflux:sp_4>.mutable()
[17:54:33.530][DONE][CLIENT][INFO] Adding "minecraft:crafting" recipe, of type: "shaped", with name: "crafttweaker:solar_5" that outputs: <item:solarflux:sp_5>.mutable()
[17:54:33.531][DONE][CLIENT][INFO] Adding "minecraft:crafting" recipe, of type: "shaped", with name: "crafttweaker:solar_6" that outputs: <item:solarflux:sp_6>.mutable()
[17:54:33.531][DONE][CLIENT][INFO] Adding "minecraft:crafting" recipe, of type: "shaped", with name: "crafttweaker:solar_7" that outputs: <item:solarflux:sp_7>.mutable()
[17:54:33.532][DONE][CLIENT][INFO] Adding "minecraft:crafting" recipe, of type: "shaped", with name: "crafttweaker:solar_8" that outputs: <item:solarflux:sp_8>.mutable()
[17:54:33.532][DONE][CLIENT][INFO] Adding "minecraft:crafting" recipe, of type: "shaped", with name: "crafttweaker:menelaus_dirt" that outputs: <item:futurepack:dirt_m> * 16.mutable()
[17:54:33.532][DONE][CLIENT][INFO] Adding "minecraft:crafting" recipe, of type: "shaped", with name: "crafttweaker:menelaus_gravel" that outputs: <item:futurepack:gravel_m> * 16.mutable()
[17:54:33.533][DONE][CLIENT][INFO] Adding "minecraft:crafting" recipe, of type: "shaped", with name: "crafttweaker:earth_coordinates_6" that outputs: <item:futurepack:spacecoordinats>.withTag({display: {Name: "{\"text\":\"Overworld Coordinate #6\"}" as string}}).mutable()
[17:54:33.534][DONE][CLIENT][INFO] Adding "minecraft:crafting" recipe, of type: "shaped", with name: "crafttweaker:essence_block" that outputs: <item:kubejs:essence_block>.mutable()
[17:54:33.534][DONE][CLIENT][INFO] Adding "minecraft:crafting" recipe, of type: "shapeless", with name: "crafttweaker:experience_block" that outputs: <item:kubejs:experience_block> * 6.mutable()
[17:54:33.534][DONE][CLIENT][INFO] Removing "minecraft:blasting" recipes with output: <item:blue_skies:horizonite_ingot>"
[17:54:33.535][DONE][CLIENT][INFO] Removing "minecraft:blasting" recipes with output: <item:blue_skies:ventium_ingot>"
[17:54:33.535][DONE][CLIENT][INFO] Removing "minecraft:blasting" recipes with output: <item:blue_skies:falsite_ingot>"
[17:54:33.535][DONE][CLIENT][INFO] Removing "minecraft:blasting" recipes with output: <item:blue_skies:aquite_gem>"
[17:54:33.535][DONE][CLIENT][INFO] Removing "minecraft:blasting" recipes with output: <item:aoa3:emberstone_ingot>"
[17:54:33.536][DONE][CLIENT][INFO] Adding "minecraft:smelting" recipe, with name: "crafttweaker:diopside2jade" that outputs: <item:aoa3:jade>.mutable()
[17:54:33.537][DONE][CLIENT][INFO] Adding "minecraft:smelting" recipe, with name: "crafttweaker:charoite2amethyst" that outputs: <item:aoa3:amethyst>.mutable()
[17:54:33.537][DONE][CLIENT][INFO] Adding "minecraft:smelting" recipe, with name: "crafttweaker:moonstone2runium" that outputs: <item:aoa3:runium_chunk>.mutable()
[17:54:33.538][DONE][CLIENT][INFO] Adding "minecraft:smelting" recipe, with name: "crafttweaker:sand2silicon" that outputs: <item:futurepack:ingot_silicon> * 2.mutable()
[17:54:33.538][DONE][CLIENT][INFO] Adding "minecraft:smelting" recipe, with name: "crafttweaker:green_dye" that outputs: <item:minecraft:green_dye>.mutable()
[17:54:33.539][DONE][CLIENT][INFO] Adding "minecraft:blasting" recipe, with name: "crafttweaker:aquite2sapphire" that outputs: <item:aoa3:sapphire>.mutable()
[17:54:33.539][DONE][CLIENT][INFO] Adding "minecraft:blasting" recipe, with name: "crafttweaker:moonstone2runium" that outputs: <item:aoa3:runium_chunk>.mutable()
[17:54:33.539][DONE][CLIENT][INFO] Adding "minecraft:blasting" recipe, with name: "crafttweaker:sand2silicon" that outputs: <item:futurepack:ingot_silicon> * 2.mutable()
[17:54:33.540][DONE][CLIENT][INFO] Adding "minecraft:blasting" recipe, with name: "crafttweaker:green_dye" that outputs: <item:minecraft:green_dye>.mutable()
[17:54:33.540][DONE][CLIENT][INFO] Adding "minecraft:blasting" recipe, with name: "crafttweaker:aquite_dawn" that outputs: <item:blue_skies:aquite_gem> * 2.mutable()
[17:54:33.540][DONE][CLIENT][INFO] Adding "minecraft:blasting" recipe, with name: "crafttweaker:aquite_bright" that outputs: <item:blue_skies:aquite_gem> * 2.mutable()
[17:54:33.540][DONE][CLIENT][INFO] Adding "minecraft:blasting" recipe, with name: "crafttweaker:diopside" that outputs: <item:aoa3:jade> * 2.mutable()
[17:54:33.540][DONE][CLIENT][INFO] Adding "minecraft:blasting" recipe, with name: "crafttweaker:charoite" that outputs: <item:aoa3:amethyst> * 2.mutable()
[17:54:33.541][DONE][CLIENT][INFO] Adding "minecraft:blasting" recipe, with name: "crafttweaker:horizonite" that outputs: <item:blue_skies:horizonite_ingot> * 2.mutable()
[17:54:33.541][DONE][CLIENT][INFO] Adding "minecraft:blasting" recipe, with name: "crafttweaker:ventium" that outputs: <item:blue_skies:ventium_ingot> * 2.mutable()
[17:54:33.541][DONE][CLIENT][INFO] Adding "minecraft:blasting" recipe, with name: "crafttweaker:falsite" that outputs: <item:blue_skies:falsite_ingot> * 2.mutable()
[17:54:33.542][DONE][CLIENT][INFO] Adding "minecraft:blasting" recipe, with name: "crafttweaker:emberstone" that outputs: <item:aoa3:emberstone_ingot> * 2.mutable()
[17:54:33.542][DONE][CLIENT][INFO] Adding "minecraft:blasting" recipe, with name: "crafttweaker:glass" that outputs: <item:minecraft:glass>.mutable()
[17:54:33.545][DONE][CLIENT][INFO] Removing "minecraft:smelting" recipes that output: <item:futurepack:ingot_silicon>" from an input of: <item:blue_skies:crystal_sand>
[17:54:33.546][DONE][CLIENT][INFO] Removing "minecraft:smelting" recipes that output: <item:futurepack:ingot_silicon>" from an input of: <item:blue_skies:midnight_sand>
[17:54:33.546][DONE][CLIENT][INFO] Removing "minecraft:blasting" recipes that output: <item:futurepack:ingot_silicon>" from an input of: <item:blue_skies:crystal_sand>
[17:54:33.547][DONE][CLIENT][INFO] Removing "appliedenergistics2:inscriber" recipes with output: <item:appliedenergistics2:printed_silicon>"
[17:54:33.547][DONE][CLIENT][INFO] Adding "appliedenergistics2:inscriber" recipe, of type: "INSCRIBE", with name: "crafttweaker:real_silicon" that outputs: <item:appliedenergistics2:printed_silicon>.mutable()
[17:54:33.548][DONE][CLIENT][INFO] Adding "appliedenergistics2:inscriber" recipe, of type: "PRESS", with name: "crafttweaker:logic_chip" that outputs: <item:futurepack:chip_logic>.mutable()
[17:54:33.548][DONE][CLIENT][INFO] Adding "appliedenergistics2:inscriber" recipe, of type: "PRESS", with name: "crafttweaker:ram_chip" that outputs: <item:rftoolscontrol:ram_chip>.mutable()
[17:54:33.548][DONE][CLIENT][INFO] Adding "appliedenergistics2:inscriber" recipe, of type: "PRESS", with name: "crafttweaker:cpu_core_500" that outputs: <item:rftoolscontrol:cpu_core_500>.mutable()
[17:54:33.550][DONE][CLIENT][INFO] Adding "appliedenergistics2:inscriber" recipe, of type: "PRESS", with name: "crafttweaker:cpu_core_1000" that outputs: <item:rftoolscontrol:cpu_core_1000>.mutable()
[17:54:33.550][DONE][CLIENT][INFO] Adding "appliedenergistics2:inscriber" recipe, of type: "PRESS", with name: "crafttweaker:cpu_core_2000" that outputs: <item:rftoolscontrol:cpu_core_2000>.mutable()
[17:54:33.551][DONE][CLIENT][INFO] Adding "appliedenergistics2:inscriber" recipe, of type: "PRESS", with name: "crafttweaker:basic_machine_board" that outputs: <item:kubejs:basic_machine_board>.mutable()
[17:54:33.552][DONE][CLIENT][INFO] Adding "appliedenergistics2:inscriber" recipe, of type: "PRESS", with name: "crafttweaker:card_base" that outputs: <item:rftoolscontrol:card_base>.mutable()
[17:54:33.552][DONE][CLIENT][INFO] Adding "appliedenergistics2:inscriber" recipe, of type: "PRESS", with name: "crafttweaker:blank_base" that outputs: <item:kubejs:blank_base>.mutable()
[17:54:33.553][DONE][CLIENT][INFO] Adding "appliedenergistics2:inscriber" recipe, of type: "PRESS", with name: "crafttweaker:standard_ram" that outputs: <item:futurepack:ram_standart>.mutable()
[17:54:33.553][DONE][CLIENT][INFO] Adding "appliedenergistics2:inscriber" recipe, of type: "PRESS", with name: "crafttweaker:standard_core" that outputs: <item:futurepack:core_standart>.mutable()
[17:54:33.553][DONE][CLIENT][INFO] Adding "appliedenergistics2:inscriber" recipe, of type: "PRESS", with name: "crafttweaker:basic_control_circuit" that outputs: <item:mekanism:basic_control_circuit>.mutable()
[17:54:33.554][DONE][CLIENT][INFO] Adding "appliedenergistics2:inscriber" recipe, of type: "PRESS", with name: "crafttweaker:silicon_press" that outputs: <item:appliedenergistics2:silicon_press>.mutable()
[17:54:33.554][DONE][CLIENT][INFO] Adding "appliedenergistics2:inscriber" recipe, of type: "PRESS", with name: "crafttweaker:calculation" that outputs: <item:appliedenergistics2:calculation_processor_press>.mutable()
[17:54:33.554][DONE][CLIENT][INFO] Adding "appliedenergistics2:inscriber" recipe, of type: "PRESS", with name: "crafttweaker:engineering" that outputs: <item:appliedenergistics2:engineering_processor_press>.mutable()
[17:54:33.554][DONE][CLIENT][INFO] Adding "appliedenergistics2:inscriber" recipe, of type: "PRESS", with name: "crafttweaker:logic" that outputs: <item:appliedenergistics2:logic_processor_press>.mutable()
[17:54:33.556][DONE][CLIENT][INFO] Removing "minecraft:crafting" recipes with output: <item:mysticalagriculture:inferium_seeds>"
[17:54:33.559][DONE][CLIENT][INFO] Removing "minecraft:crafting" recipes with output: <item:mysticalagriculture:prosperity_ingot>"
[17:54:33.560][DONE][CLIENT][INFO] Removing "minecraft:crafting" recipes with output: <item:mysticalagriculture:nature_agglomeratio>"
[17:54:33.561][DONE][CLIENT][INFO] Removing "minecraft:crafting" recipes with output: <item:mysticalagriculture:dye_agglomeratio>"
[17:54:33.562][DONE][CLIENT][INFO] Removing "minecraft:crafting" recipes with output: <item:mysticalagriculture:infusion_altar>"
[17:54:33.562][DONE][CLIENT][INFO] Removing "minecraft:crafting" recipes with output: <item:mysticalagriculture:infusion_pedestal>"
[17:54:33.563][DONE][CLIENT][INFO] Removing "minecraft:crafting" recipes with output: <item:mysticalagriculture:water_agglomeratio>"
[17:54:33.563][DONE][CLIENT][INFO] Removing "minecraft:crafting" recipes with output: <item:mysticalagriculture:supremium_farmland>"
[17:54:33.566][DONE][CLIENT][INFO] Removing Infusion Crafting recipes for <item:mysticalagriculture:stone_seeds>
[17:54:33.568][DONE][CLIENT][INFO] Removing Infusion Crafting recipes for <item:mysticalagriculture:dirt_seeds>
[17:54:33.568][DONE][CLIENT][INFO] Removing Infusion Crafting recipes for <item:mysticalagriculture:wood_seeds>
[17:54:33.568][DONE][CLIENT][INFO] Removing Infusion Crafting recipes for <item:mysticalagriculture:ice_seeds>
[17:54:33.568][DONE][CLIENT][INFO] Removing Infusion Crafting recipes for <item:mysticalagriculture:coal_seeds>
[17:54:33.568][DONE][CLIENT][INFO] Removing Infusion Crafting recipes for <item:mysticalagriculture:aluminum_seeds>
[17:54:33.569][DONE][CLIENT][INFO] Removing Infusion Crafting recipes for <item:mysticalagriculture:copper_seeds>
[17:54:33.569][DONE][CLIENT][INFO] Removing Infusion Crafting recipes for <item:mysticalagriculture:marble_seeds>
[17:54:33.569][DONE][CLIENT][INFO] Removing Infusion Crafting recipes for <item:mysticalagriculture:iron_seeds>
[17:54:33.569][DONE][CLIENT][INFO] Removing Infusion Crafting recipes for <item:mysticalagriculture:prosperity_shard>
[17:54:33.569][DONE][CLIENT][INFO] Removing Infusion Crafting recipes for <item:mysticalagriculture:tin_seeds>
[17:54:33.569][DONE][CLIENT][INFO] Removing Infusion Crafting recipes for <item:mysticalagriculture:glowstone_seeds>
[17:54:33.569][DONE][CLIENT][INFO] Removing Infusion Crafting recipes for <item:mysticalagriculture:redstone_seeds>
[17:54:33.569][DONE][CLIENT][INFO] Removing Infusion Crafting recipes for <item:mysticalagriculture:zinc_seeds>
[17:54:33.569][DONE][CLIENT][INFO] Removing Infusion Crafting recipes for <item:mysticalagriculture:lead_seeds>
[17:54:33.569][DONE][CLIENT][INFO] Removing Infusion Crafting recipes for <item:mysticalagriculture:aquamarine_seeds>
[17:54:33.569][DONE][CLIENT][INFO] Removing Infusion Crafting recipes for <item:mysticalagriculture:certus_quartz_seeds>
[17:54:33.569][DONE][CLIENT][INFO] Removing Infusion Crafting recipes for <item:mysticalagriculture:nether_quartz_seeds>
[17:54:33.569][DONE][CLIENT][INFO] Removing Infusion Crafting recipes for <item:mysticalagriculture:lapis_lazuli_seeds>
[17:54:33.569][DONE][CLIENT][INFO] Removing Infusion Crafting recipes for <item:mysticalagriculture:osmium_seeds>
[17:54:33.569][DONE][CLIENT][INFO] Removing Infusion Crafting recipes for <item:mysticalagriculture:gold_seeds>
[17:54:33.569][DONE][CLIENT][INFO] Removing Infusion Crafting recipes for <item:mysticalagriculture:end_seeds>
[17:54:33.569][DONE][CLIENT][INFO] Removing Infusion Crafting recipes for <item:mysticalagriculture:steel_seeds>
[17:54:33.569][DONE][CLIENT][INFO] Removing Infusion Crafting recipes for <item:mysticalagriculture:fluorite_seeds>
[17:54:33.569][DONE][CLIENT][INFO] Removing Infusion Crafting recipes for <item:mysticalagriculture:refined_glowstone_seeds>
[17:54:33.569][DONE][CLIENT][INFO] Removing Infusion Crafting recipes for <item:mysticalagriculture:refined_obsidian_seeds>
[17:54:33.569][DONE][CLIENT][INFO] Removing Infusion Crafting recipes for <item:mysticalagriculture:fluix_seeds>
[17:54:33.570][DONE][CLIENT][INFO] Removing Infusion Crafting recipes for <item:mysticalagriculture:rock_crystal_seeds>
[17:54:33.570][DONE][CLIENT][INFO] Removing Infusion Crafting recipes for <item:mysticalagriculture:experience_seeds>
[17:54:33.570][DONE][CLIENT][INFO] Removing Infusion Crafting recipes for <item:mysticalagriculture:diamond_seeds>
[17:54:33.570][DONE][CLIENT][INFO] Removing Infusion Crafting recipes for <item:mysticalagriculture:emerald_seeds>
[17:54:33.570][DONE][CLIENT][INFO] Removing Infusion Crafting recipes for <item:mysticalagriculture:netherite_seeds>
[17:54:33.570][DONE][CLIENT][INFO] Removing Infusion Crafting recipes for <item:mysticalagriculture:starmetal_seeds>
[17:54:33.570][DONE][CLIENT][INFO] Removing Infusion Crafting recipes for <item:mysticalagriculture:uranium_seeds>
[17:54:33.570][DONE][CLIENT][INFO] Removing Infusion Crafting recipes for <item:mysticalagriculture:amethyst_seeds>
[17:54:33.570][DONE][CLIENT][INFO] Removing Infusion Crafting recipes for <item:mysticalagriculture:jade_seeds>
[17:54:33.570][DONE][CLIENT][INFO] Removing Infusion Crafting recipes for <item:mysticalagriculture:sapphire_seeds>
[17:54:33.570][DONE][CLIENT][INFO] Removing Infusion Crafting recipes for <item:mysticalagriculture:rosite_seeds>
[17:54:33.570][DONE][CLIENT][INFO] Removing Infusion Crafting recipes for <item:mysticalagriculture:limonite_seeds>
[17:54:33.570][DONE][CLIENT][INFO] Removing Infusion Crafting recipes for <item:mysticalagriculture:supremium_farmland>
[17:54:33.576][DONE][CLIENT][INFO] Adding "botanypots:soil" recipe, with name: "minecraft:lunar_dirt" that outputs: <item:minecraft:air>.mutable()
[17:54:33.576][DONE][CLIENT][INFO] Adding "botanypots:soil" recipe, with name: "minecraft:turquoise_dirt" that outputs: <item:minecraft:air>.mutable()
[17:54:33.578][DONE][CLIENT][INFO] Adding "minecraft:crafting" recipe, of type: "shaped", with name: "crafttweaker:water_agglomeratio" that outputs: <item:mysticalagriculture:water_agglomeratio>.mutable()
[17:54:33.578][DONE][CLIENT][INFO] Adding "minecraft:crafting" recipe, of type: "shaped", with name: "crafttweaker:manual_prudentium" that outputs: <item:mysticalagriculture:prudentium_essence>.mutable()
[17:54:33.578][DONE][CLIENT][INFO] Adding "minecraft:crafting" recipe, of type: "shaped", with name: "crafttweaker:cabbage" that outputs: <item:farmersdelight:cabbage> * 2.mutable()
[17:54:33.578][DONE][CLIENT][INFO] Adding "minecraft:crafting" recipe, of type: "shaped", with name: "crafttweaker:tomato" that outputs: <item:farmersdelight:tomato> * 2.mutable()
[17:54:33.580][DONE][CLIENT][INFO] Adding "minecraft:crafting" recipe, of type: "shaped", with name: "crafttweaker:onion" that outputs: <item:farmersdelight:onion> * 2.mutable()
[17:54:33.580][DONE][CLIENT][INFO] Adding "minecraft:crafting" recipe, of type: "shaped", with name: "crafttweaker:rice" that outputs: <item:farmersdelight:rice> * 2.mutable()
[17:54:33.581][DONE][CLIENT][INFO] Adding "minecraft:crafting" recipe, of type: "shaped", with name: "crafttweaker:sweet_berries" that outputs: <item:minecraft:sweet_berries> * 4.mutable()
[17:54:33.582][DONE][CLIENT][INFO] Adding "minecraft:crafting" recipe, of type: "shaped", with name: "crafttweaker:inferium_seeds" that outputs: <item:mysticalagriculture:inferium_seeds>.mutable()
[17:54:33.582][DONE][CLIENT][INFO] Adding "minecraft:crafting" recipe, of type: "shaped", with name: "crafttweaker:supremium_farmland" that outputs: <item:mysticalagriculture:supremium_farmland>.mutable()
[17:54:33.582][DONE][CLIENT][INFO] Adding "minecraft:crafting" recipe, of type: "shaped", with name: "crafttweaker:infusion_altar" that outputs: <item:mysticalagriculture:infusion_altar>.mutable()
[17:54:33.583][DONE][CLIENT][INFO] Adding "minecraft:crafting" recipe, of type: "shaped", with name: "crafttweaker:infusion_pedestal" that outputs: <item:mysticalagriculture:infusion_pedestal>.mutable()
[17:54:33.583][DONE][CLIENT][INFO] Adding "minecraft:crafting" recipe, of type: "shaped", with name: "crafttweaker:base_seeds" that outputs: <item:mysticalagriculture:prosperity_seed_base>.mutable()
[17:54:33.583][DONE][CLIENT][INFO] Adding "minecraft:crafting" recipe, of type: "shaped", with name: "crafttweaker:nature_agglo" that outputs: <item:mysticalagriculture:nature_agglomeratio>.mutable()
[17:54:33.584][DONE][CLIENT][INFO] Adding "minecraft:crafting" recipe, of type: "shaped", with name: "crafttweaker:dye_agglo" that outputs: <item:mysticalagriculture:dye_agglomeratio>.mutable()
[17:54:33.584][DONE][CLIENT][INFO] Adding "minecraft:crafting" recipe, of type: "shaped", with name: "crafttweaker:prosperity_shard" that outputs: <item:mysticalagriculture:prosperity_shard> * 6.mutable()
[17:54:33.584][DONE][CLIENT][INFO] Adding "minecraft:crafting" recipe, of type: "shaped", with name: "crafttweaker:prosperity_ingot" that outputs: <item:mysticalagriculture:prosperity_ingot>.mutable()
[17:54:33.585][DONE][CLIENT][INFO] Adding "minecraft:crafting" recipe, of type: "shaped", with name: "crafttweaker:sapphire_essence" that outputs: <item:aoa3:sapphire> * 2.mutable()
[17:54:33.585][DONE][CLIENT][INFO] Adding "minecraft:crafting" recipe, of type: "shaped", with name: "crafttweaker:master_infusion" that outputs: <item:mysticalagriculture:master_infusion_crystal>.mutable()
[17:54:33.588][DONE][CLIENT][INFO] Adding Infusion Crafting recipe for <item:mysticalagriculture:stone_seeds>
[17:54:33.588][DONE][CLIENT][INFO] Adding Infusion Crafting recipe for <item:mysticalagriculture:dirt_seeds>
[17:54:33.588][DONE][CLIENT][INFO] Adding Infusion Crafting recipe for <item:mysticalagriculture:wood_seeds>
[17:54:33.588][DONE][CLIENT][INFO] Adding Infusion Crafting recipe for <item:mysticalagriculture:ice_seeds>
[17:54:33.588][DONE][CLIENT][INFO] Adding Infusion Crafting recipe for <item:mysticalagriculture:coal_seeds>
[17:54:33.588][DONE][CLIENT][INFO] Adding Infusion Crafting recipe for <item:mysticalagriculture:aluminum_seeds>
[17:54:33.588][DONE][CLIENT][INFO] Adding Infusion Crafting recipe for <item:mysticalagriculture:copper_seeds>
[17:54:33.588][DONE][CLIENT][INFO] Adding Infusion Crafting recipe for <item:mysticalagriculture:marble_seeds>
[17:54:33.588][DONE][CLIENT][INFO] Adding Infusion Crafting recipe for <item:mysticalagriculture:iron_seeds>
[17:54:33.588][DONE][CLIENT][INFO] Adding Infusion Crafting recipe for <item:mysticalagriculture:tin_seeds>
[17:54:33.588][DONE][CLIENT][INFO] Adding Infusion Crafting recipe for <item:mysticalagriculture:glowstone_seeds>
[17:54:33.588][DONE][CLIENT][INFO] Adding Infusion Crafting recipe for <item:mysticalagriculture:redstone_seeds>
[17:54:33.588][DONE][CLIENT][INFO] Adding Infusion Crafting recipe for <item:mysticalagriculture:sapphire_seeds>
[17:54:33.588][DONE][CLIENT][INFO] Adding Infusion Crafting recipe for <item:mysticalagriculture:jade_seeds>
[17:54:33.588][DONE][CLIENT][INFO] Adding Infusion Crafting recipe for <item:mysticalagriculture:amethyst_seeds>
[17:54:33.589][DONE][CLIENT][INFO] Adding Infusion Crafting recipe for <item:mysticalagriculture:zinc_seeds>
[17:54:33.589][DONE][CLIENT][INFO] Adding Infusion Crafting recipe for <item:mysticalagriculture:limonite_seeds>
[17:54:33.589][DONE][CLIENT][INFO] Adding Infusion Crafting recipe for <item:mysticalagriculture:rosite_seeds>
[17:54:33.589][DONE][CLIENT][INFO] Adding Infusion Crafting recipe for <item:mysticalagriculture:zinc_seeds>
[17:54:33.589][DONE][CLIENT][INFO] Adding Infusion Crafting recipe for <item:mysticalagriculture:lead_seeds>
[17:54:33.589][DONE][CLIENT][INFO] Adding Infusion Crafting recipe for <item:mysticalagriculture:aquamarine_seeds>
[17:54:33.589][DONE][CLIENT][INFO] Adding Infusion Crafting recipe for <item:mysticalagriculture:certus_quartz_seeds>
[17:54:33.589][DONE][CLIENT][INFO] Adding Infusion Crafting recipe for <item:mysticalagriculture:nether_quartz_seeds>
[17:54:33.589][DONE][CLIENT][INFO] Adding Infusion Crafting recipe for <item:mysticalagriculture:lapis_lazuli_seeds>
[17:54:33.589][DONE][CLIENT][INFO] Adding Infusion Crafting recipe for <item:mysticalagriculture:osmium_seeds>
[17:54:33.589][DONE][CLIENT][INFO] Adding Infusion Crafting recipe for <item:mysticalagriculture:gold_seeds>
[17:54:33.589][DONE][CLIENT][INFO] Adding Infusion Crafting recipe for <item:mysticalagriculture:end_seeds>
[17:54:33.589][DONE][CLIENT][INFO] Adding Infusion Crafting recipe for <item:mysticalagriculture:steel_seeds>
[17:54:33.589][DONE][CLIENT][INFO] Adding Infusion Crafting recipe for <item:mysticalagriculture:fluorite_seeds>
[17:54:33.589][DONE][CLIENT][INFO] Adding Infusion Crafting recipe for <item:mysticalagriculture:refined_glowstone_seeds>
[17:54:33.589][DONE][CLIENT][INFO] Adding Infusion Crafting recipe for <item:mysticalagriculture:refined_obsidian_seeds>
[17:54:33.589][DONE][CLIENT][INFO] Adding Infusion Crafting recipe for <item:mysticalagriculture:fluix_seeds>
[17:54:33.589][DONE][CLIENT][INFO] Adding Infusion Crafting recipe for <item:mysticalagriculture:rock_crystal_seeds>
[17:54:33.590][DONE][CLIENT][INFO] Adding Infusion Crafting recipe for <item:mysticalagriculture:experience_seeds>
[17:54:33.590][DONE][CLIENT][INFO] Adding Infusion Crafting recipe for <item:mysticalagriculture:uranium_seeds>
[17:54:33.590][DONE][CLIENT][INFO] Adding Infusion Crafting recipe for <item:mysticalagriculture:diamond_seeds>
[17:54:33.590][DONE][CLIENT][INFO] Adding Infusion Crafting recipe for <item:mysticalagriculture:emerald_seeds>
[17:54:33.590][DONE][CLIENT][INFO] Adding Infusion Crafting recipe for <item:mysticalagriculture:netherite_seeds>
[17:54:33.590][DONE][CLIENT][INFO] Adding Infusion Crafting recipe for <item:mysticalagriculture:starmetal_seeds>
[17:54:33.593][DONE][CLIENT][INFO] Adding Soul Extractor Crafting recipe for <item:blue_skies:carabeef> to mysticalagriculture:cow
[17:54:33.594][DONE][CLIENT][INFO] Removing "minecraft:smelting" recipes with output: com.blamejared.crafttweaker.impl.ingredients.IIngredientWrapped@49b281b2"
[17:54:33.594][DONE][CLIENT][INFO] Removing "minecraft:blasting" recipes with output: com.blamejared.crafttweaker.impl.ingredients.IIngredientWrapped@6709d128"
[17:54:33.594][DONE][CLIENT][INFO] Removing "minecraft:smelting" recipes with output: com.blamejared.crafttweaker.impl.ingredients.IIngredientWrapped@57f44bf2"
[17:54:33.594][DONE][CLIENT][INFO] Removing "minecraft:blasting" recipes with output: com.blamejared.crafttweaker.impl.ingredients.IIngredientWrapped@432ea64d"
[17:54:33.594][DONE][CLIENT][INFO] Removing "minecraft:smelting" recipes with output: com.blamejared.crafttweaker.impl.ingredients.IIngredientWrapped@4913c7fd"
[17:54:33.594][DONE][CLIENT][INFO] Removing "minecraft:blasting" recipes with output: com.blamejared.crafttweaker.impl.ingredients.IIngredientWrapped@a574e61"
[17:54:33.594][DONE][CLIENT][INFO] Removing "minecraft:smelting" recipes with output: com.blamejared.crafttweaker.impl.ingredients.IIngredientWrapped@52bcbc8f"
[17:54:33.595][DONE][CLIENT][INFO] Removing "minecraft:blasting" recipes with output: com.blamejared.crafttweaker.impl.ingredients.IIngredientWrapped@46c816ed"
[17:54:33.595][DONE][CLIENT][INFO] Removing "minecraft:smelting" recipes with output: com.blamejared.crafttweaker.impl.ingredients.IIngredientWrapped@3f015e65"
[17:54:33.595][DONE][CLIENT][INFO] Removing "minecraft:blasting" recipes with output: com.blamejared.crafttweaker.impl.ingredients.IIngredientWrapped@77516fdf"
[17:54:33.595][DONE][CLIENT][INFO] Removing "minecraft:smelting" recipes with output: com.blamejared.crafttweaker.impl.ingredients.IIngredientWrapped@4d45cf85"
[17:54:33.595][DONE][CLIENT][INFO] Removing "minecraft:blasting" recipes with output: com.blamejared.crafttweaker.impl.ingredients.IIngredientWrapped@9589a1c"
[17:54:33.595][DONE][CLIENT][INFO] Removing "minecraft:crafting" recipes with output: <item:futurepack:ingot_copper>"
[17:54:33.597][DONE][CLIENT][INFO] Removing "minecraft:crafting" recipes with output: <item:mekanism:ingot_copper>"
[17:54:33.598][DONE][CLIENT][INFO] Removing "minecraft:crafting" recipes with output: com.blamejared.crafttweaker.impl.ingredients.IIngredientWrapped@6ef78254"
[17:54:33.600][DONE][CLIENT][INFO] Removing "minecraft:crafting" recipe with name: "mekanism:processing/copper/storage_blocks/from_ingots"
[17:54:33.601][DONE][CLIENT][INFO] Removing "minecraft:crafting" recipes with output: <item:futurepack:ingot_tin>"
[17:54:33.602][DONE][CLIENT][INFO] Removing "minecraft:crafting" recipes with output: <item:mekanism:ingot_tin>"
[17:54:33.603][DONE][CLIENT][INFO] Removing "minecraft:crafting" recipes with output: com.blamejared.crafttweaker.impl.ingredients.IIngredientWrapped@468085d8"
[17:54:33.603][DONE][CLIENT][INFO] Removing "minecraft:crafting" recipe with name: "mekanism:processing/tin/storage_blocks/from_ingots"
[17:54:33.603][DONE][CLIENT][INFO] Removing "minecraft:crafting" recipes with output: com.blamejared.crafttweaker.impl.ingredients.IIngredientWrapped@188b0204"
[17:54:33.604][DONE][CLIENT][INFO] Removing "minecraft:crafting" recipes with output: <item:futurepack:ingot_aluminium>"
[17:54:33.604][DONE][CLIENT][INFO] Removing "minecraft:crafting" recipes with output: <item:mekanism:ingot_lead>"
[17:54:33.605][DONE][CLIENT][INFO] Removing "minecraft:crafting" recipes with output: com.blamejared.crafttweaker.impl.ingredients.IIngredientWrapped@7f1b5871"
[17:54:33.606][DONE][CLIENT][INFO] Removing "minecraft:crafting" recipe with name: "mekanism:processing/lead/storage_blocks/from_ingots"
[17:54:33.606][DONE][CLIENT][INFO] Removing "minecraft:crafting" recipes with output: <item:mekanism:ingot_osmium>"
[17:54:33.608][DONE][CLIENT][INFO] Removing "minecraft:crafting" recipes with output: com.blamejared.crafttweaker.impl.ingredients.IIngredientWrapped@307c675"
[17:54:33.608][DONE][CLIENT][INFO] Removing "minecraft:crafting" recipe with name: "mekanism:processing/osmium/storage_blocks/from_ingots"
[17:54:33.608][DONE][CLIENT][INFO] Removing "minecraft:crafting" recipes with output: <item:mekanism:ingot_uranium>"
[17:54:33.609][DONE][CLIENT][INFO] Removing "minecraft:crafting" recipes with output: com.blamejared.crafttweaker.impl.ingredients.IIngredientWrapped@1f03416d"
[17:54:33.609][DONE][CLIENT][INFO] Removing "minecraft:crafting" recipe with name: "mekanism:processing/uranium/storage_blocks/from_ingots"
[17:54:33.610][DONE][CLIENT][INFO] Adding "minecraft:smelting" recipe, with name: "crafttweaker:copperore2ingot" that outputs: <item:bno:copper_ingot>.mutable()
[17:54:33.610][DONE][CLIENT][INFO] Adding "minecraft:blasting" recipe, with name: "crafttweaker:copperore2ingot" that outputs: <item:bno:copper_ingot>.mutable()
[17:54:33.610][DONE][CLIENT][INFO] Adding "minecraft:smelting" recipe, with name: "crafttweaker:tinore2ingot" that outputs: <item:bno:tin_ingot>.mutable()
[17:54:33.610][DONE][CLIENT][INFO] Adding "minecraft:blasting" recipe, with name: "crafttweaker:tinore2ingot" that outputs: <item:bno:tin_ingot>.mutable()
[17:54:33.610][DONE][CLIENT][INFO] Adding "minecraft:smelting" recipe, with name: "crafttweaker:aluminumore2ingot" that outputs: <item:bno:aluminum_ingot>.mutable()
[17:54:33.611][DONE][CLIENT][INFO] Adding "minecraft:blasting" recipe, with name: "crafttweaker:aluminumore2ingot" that outputs: <item:bno:aluminum_ingot>.mutable()
[17:54:33.611][DONE][CLIENT][INFO] Adding "minecraft:smelting" recipe, with name: "crafttweaker:leadore2ingot" that outputs: <item:bno:lead_ingot>.mutable()
[17:54:33.611][DONE][CLIENT][INFO] Adding "minecraft:blasting" recipe, with name: "crafttweaker:lead2ingot" that outputs: <item:bno:lead_ingot>.mutable()
[17:54:33.611][DONE][CLIENT][INFO] Adding "minecraft:smelting" recipe, with name: "crafttweaker:osmiumore2ingot" that outputs: <item:bno:osmium_ingot>.mutable()
[17:54:33.612][DONE][CLIENT][INFO] Adding "minecraft:blasting" recipe, with name: "crafttweaker:osmium2ingot" that outputs: <item:bno:osmium_ingot>.mutable()
[17:54:33.612][DONE][CLIENT][INFO] Adding "minecraft:smelting" recipe, with name: "crafttweaker:uraniumore2ingot" that outputs: <item:bno:uranium_ingot>.mutable()
[17:54:33.612][DONE][CLIENT][INFO] Adding "minecraft:blasting" recipe, with name: "crafttweaker:uranium2ingot" that outputs: <item:bno:uranium_ingot>.mutable()
[17:54:33.613][DONE][CLIENT][INFO] Adding "minecraft:smelting" recipe, with name: "crafttweaker:copperdusts2ingot" that outputs: <item:bno:copper_ingot>.mutable()
[17:54:33.613][DONE][CLIENT][INFO] Adding "minecraft:blasting" recipe, with name: "crafttweaker:copperdusts2ingot" that outputs: <item:bno:copper_ingot>.mutable()
[17:54:33.613][DONE][CLIENT][INFO] Adding "minecraft:smelting" recipe, with name: "crafttweaker:tindusts2ingot" that outputs: <item:bno:tin_ingot>.mutable()
[17:54:33.613][DONE][CLIENT][INFO] Adding "minecraft:blasting" recipe, with name: "crafttweaker:tindusts2ingot" that outputs: <item:bno:tin_ingot>.mutable()
[17:54:33.614][DONE][CLIENT][INFO] Adding "minecraft:smelting" recipe, with name: "crafttweaker:aluminumdusts2ingot" that outputs: <item:bno:aluminum_ingot>.mutable()
[17:54:33.614][DONE][CLIENT][INFO] Adding "minecraft:blasting" recipe, with name: "crafttweaker:aluminumdusts2ingot" that outputs: <item:bno:aluminum_ingot>.mutable()
[17:54:33.614][DONE][CLIENT][INFO] Adding "minecraft:smelting" recipe, with name: "crafttweaker:leaddusts2ingot" that outputs: <item:bno:lead_ingot>.mutable()
[17:54:33.615][DONE][CLIENT][INFO] Adding "minecraft:blasting" recipe, with name: "crafttweaker:leaddusts2ingot" that outputs: <item:bno:lead_ingot>.mutable()
[17:54:33.615][DONE][CLIENT][INFO] Adding "minecraft:smelting" recipe, with name: "crafttweaker:osmiumdusts2ingot" that outputs: <item:bno:osmium_ingot>.mutable()
[17:54:33.615][DONE][CLIENT][INFO] Adding "minecraft:blasting" recipe, with name: "crafttweaker:osmiumdusts2ingot" that outputs: <item:bno:osmium_ingot>.mutable()
[17:54:33.616][DONE][CLIENT][INFO] Adding "minecraft:smelting" recipe, with name: "crafttweaker:uraniumdusts2ingot" that outputs: <item:bno:uranium_ingot>.mutable()
[17:54:33.616][DONE][CLIENT][INFO] Adding "minecraft:blasting" recipe, with name: "crafttweaker:uraniumdusts2ingot" that outputs: <item:bno:uranium_ingot>.mutable()
[17:54:33.616][DONE][CLIENT][INFO] Adding "minecraft:crafting" recipe, of type: "shapeless", with name: "crafttweaker:copperingots2nuggets" that outputs: <item:bno:copper_nugget> * 9.mutable()
[17:54:33.617][DONE][CLIENT][INFO] Adding "minecraft:crafting" recipe, of type: "shapeless", with name: "crafttweaker:tiningots2nuggets" that outputs: <item:bno:tin_nugget> * 9.mutable()
[17:54:33.617][DONE][CLIENT][INFO] Adding "minecraft:crafting" recipe, of type: "shapeless", with name: "crafttweaker:aluminumingots2nuggets" that outputs: <item:bno:aluminum_nugget> * 9.mutable()
[17:54:33.617][DONE][CLIENT][INFO] Adding "minecraft:crafting" recipe, of type: "shapeless", with name: "crafttweaker:leadingots2nuggets" that outputs: <item:bno:lead_nugget> * 9.mutable()
[17:54:33.617][DONE][CLIENT][INFO] Adding "minecraft:crafting" recipe, of type: "shapeless", with name: "crafttweaker:osmiumingots2nuggets" that outputs: <item:bno:osmium_nugget> * 9.mutable()
[17:54:33.618][DONE][CLIENT][INFO] Adding "minecraft:crafting" recipe, of type: "shapeless", with name: "crafttweaker:uraniumingots2nuggets" that outputs: <item:mekanism:nugget_uranium> * 9.mutable()
[17:54:33.618][DONE][CLIENT][INFO] Adding "minecraft:crafting" recipe, of type: "shaped", with name: "crafttweaker:uraniumnugget2ingot" that outputs: <item:bno:uranium_ingot>.mutable()
[17:54:33.621][DONE][CLIENT][INFO] Adding "minecraft:crafting" recipe, of type: "shapeless", with name: "crafttweaker:earth_coordinates_test" that outputs: <item:futurepack:spacecoordinats>.withTag({display: {Name: "{\"text\":\"Overworld\"}" as string}, Planet: "minecraft:overworld" as string}).mutable()
[17:54:33.622][DONE][CLIENT][INFO] Adding Infusion Crafting recipe for <item:resourcefulbees:water_bee_spawn_egg>
[17:54:33.623][DONE][CLIENT][INFO] Adding Infusion Crafting recipe for <item:resourcefulbees:fire_bee_spawn_egg>
[17:54:33.623][DONE][CLIENT][INFO] Adding Infusion Crafting recipe for <item:resourcefulbees:stone_bee_spawn_egg>
[17:54:33.623][DONE][CLIENT][INFO] Adding Infusion Crafting recipe for <item:resourcefulbees:certus_quartz_bee_spawn_egg>
[17:54:33.623][DONE][CLIENT][INFO] Adding Infusion Crafting recipe for <item:resourcefulbees:gold_bee_spawn_egg>
[17:54:33.623][DONE][CLIENT][INFO] Adding Infusion Crafting recipe for <item:resourcefulbees:lapis_bee_spawn_egg>
[17:54:33.623][DONE][CLIENT][INFO] Adding Infusion Crafting recipe for <item:resourcefulbees:end_bee_spawn_egg>
[17:54:33.623][DONE][CLIENT][INFO] Adding Infusion Crafting recipe for <item:resourcefulbees:experience_bee_spawn_egg>
[17:54:33.623][DONE][CLIENT][INFO] Adding Infusion Crafting recipe for <item:resourcefulbees:blaze_bee_spawn_egg>
[17:54:33.623][DONE][CLIENT][INFO] Adding Infusion Crafting recipe for <item:resourcefulbees:aquamarine_bee_spawn_egg>
[17:54:33.623][DONE][CLIENT][INFO] Adding Infusion Crafting recipe for <item:resourcefulbees:lead_bee_spawn_egg>
[17:54:33.623][DONE][CLIENT][INFO] Adding Infusion Crafting recipe for <item:resourcefulbees:zinc_bee_spawn_egg>
[17:54:33.623][DONE][CLIENT][INFO] Adding Infusion Crafting recipe for <item:resourcefulbees:tin_bee_spawn_egg>
[17:54:33.623][DONE][CLIENT][INFO] Adding Infusion Crafting recipe for <item:resourcefulbees:spider_bee_spawn_egg>
[17:54:33.623][DONE][CLIENT][INFO] Adding Infusion Crafting recipe for <item:resourcefulbees:creeper_bee_spawn_egg>
[17:54:33.623][DONE][CLIENT][INFO] Adding Infusion Crafting recipe for <item:resourcefulbees:skeleton_bee_spawn_egg>
[17:54:33.623][DONE][CLIENT][INFO] Adding Infusion Crafting recipe for <item:resourcefulbees:zombie_bee_spawn_egg>
[17:54:33.623][DONE][CLIENT][INFO] Adding Infusion Crafting recipe for <item:resourcefulbees:pig_bee_spawn_egg>
[17:54:33.623][DONE][CLIENT][INFO] Adding Infusion Crafting recipe for <item:resourcefulbees:cow_bee_spawn_egg>
[17:54:33.624][DONE][CLIENT][INFO] Adding Infusion Crafting recipe for <item:resourcefulbees:sheep_bee_spawn_egg>
[17:54:33.624][DONE][CLIENT][INFO] Adding Infusion Crafting recipe for <item:resourcefulbees:aluminum_bee_spawn_egg>
[17:54:33.624][DONE][CLIENT][INFO] Adding Infusion Crafting recipe for <item:resourcefulbees:copper_bee_spawn_egg>
[17:54:33.624][DONE][CLIENT][INFO] Adding Infusion Crafting recipe for <item:resourcefulbees:ender_bee_spawn_egg>
[17:54:33.624][DONE][CLIENT][INFO] Adding Infusion Crafting recipe for <item:resourcefulbees:iron_bee_spawn_egg>
[17:54:33.624][DONE][CLIENT][INFO] Adding Infusion Crafting recipe for <item:resourcefulbees:nether_quartz_bee_spawn_egg>
[17:54:33.624][DONE][CLIENT][INFO] Adding Infusion Crafting recipe for <item:resourcefulbees:glowstone_bee_spawn_egg>
[17:54:33.624][DONE][CLIENT][INFO] Adding Infusion Crafting recipe for <item:resourcefulbees:redstone_bee_spawn_egg>
[17:54:33.624][DONE][CLIENT][INFO] Adding Infusion Crafting recipe for <item:resourcefulbees:steel_bee_spawn_egg>
[17:54:33.624][DONE][CLIENT][INFO] Adding Infusion Crafting recipe for <item:resourcefulbees:uranium_bee_spawn_egg>
[17:54:33.624][DONE][CLIENT][INFO] Adding Infusion Crafting recipe for <item:resourcefulbees:emerald_bee_spawn_egg>
[17:54:33.624][DONE][CLIENT][INFO] Adding Infusion Crafting recipe for <item:resourcefulbees:dirt_bee_spawn_egg>
[17:54:33.624][DONE][CLIENT][INFO] Adding Infusion Crafting recipe for <item:resourcefulbees:wood_bee_spawn_egg>
[17:54:33.624][DONE][CLIENT][INFO] Adding Infusion Crafting recipe for <item:resourcefulbees:nature_bee_spawn_egg>
[17:54:33.624][DONE][CLIENT][INFO] Adding Infusion Crafting recipe for <item:resourcefulbees:rgbee_bee_spawn_egg>
[17:54:33.624][DONE][CLIENT][INFO] Adding Infusion Crafting recipe for <item:resourcefulbees:nether_bee_spawn_egg>
[17:54:33.624][DONE][CLIENT][INFO] Adding Infusion Crafting recipe for <item:resourcefulbees:chicken_bee_spawn_egg>
[17:54:33.624][DONE][CLIENT][INFO] Adding Infusion Crafting recipe for <item:resourcefulbees:diamond_bee_spawn_egg>
[17:54:33.624][DONE][CLIENT][INFO] Adding Infusion Crafting recipe for <item:resourcefulbees:wither_bee_spawn_egg>
[17:54:33.624][DONE][CLIENT][INFO] Adding Infusion Crafting recipe for <item:resourcefulbees:osmium_bee_spawn_egg>
[17:54:33.624][DONE][CLIENT][INFO] Adding Infusion Crafting recipe for <item:resourcefulbees:inferium_bee_spawn_egg>
[17:54:33.624][DONE][CLIENT][INFO] Adding Infusion Crafting recipe for <item:resourcefulbees:coal_bee_spawn_egg>
[17:54:33.624][DONE][CLIENT][INFO] Adding Infusion Crafting recipe for <item:aoa3:glaring_pixon_spawn_egg>
[17:54:33.624][DONE][CLIENT][INFO] Adding Infusion Crafting recipe for <item:aoa3:glowing_pixon_spawn_egg>
[17:54:33.624][DONE][CLIENT][INFO] Adding Infusion Crafting recipe for <item:aoa3:shining_pixon_spawn_egg>
[17:54:33.625][DONE][CLIENT][INFO] Adding Infusion Crafting recipe for <item:aoa3:radiant_pixon_spawn_egg>
[17:54:33.625][DONE][CLIENT][INFO] Adding Infusion Crafting recipe for <item:aoa3:blooming_pixon_spawn_egg>
[17:54:33.626][DONE][CLIENT][INFO] Adding "minecraft:stonecutting" recipe, with name: "crafttweaker:arch_to_raw" that outputs: <item:astralsorcery:marble_raw>.mutable()
[17:54:33.626][DONE][CLIENT][INFO] Adding "minecraft:stonecutting" recipe, with name: "crafttweaker:bricks_to_raw" that outputs: <item:astralsorcery:marble_raw>.mutable()
[17:54:33.626][DONE][CLIENT][INFO] Adding "minecraft:stonecutting" recipe, with name: "crafttweaker:chiseled_to_raw" that outputs: <item:astralsorcery:marble_raw>.mutable()
[17:54:33.627][DONE][CLIENT][INFO] Adding "minecraft:stonecutting" recipe, with name: "crafttweaker:engraved_to_raw" that outputs: <item:astralsorcery:marble_raw>.mutable()
[17:54:33.627][DONE][CLIENT][INFO] Adding "minecraft:stonecutting" recipe, with name: "crafttweaker:pillar_to_raw" that outputs: <item:astralsorcery:marble_raw>.mutable()
[17:54:33.627][DONE][CLIENT][INFO] Adding "minecraft:stonecutting" recipe, with name: "crafttweaker:runed_to_raw" that outputs: <item:astralsorcery:marble_raw>.mutable()
[17:54:33.628][DONE][CLIENT][INFO] Adding "minecraft:crafting" recipe, of type: "shaped", with name: "crafttweaker:thruster_white_blue" that outputs: <item:futurepack:thruster_maneuver_white_blue>.mutable()
[17:54:33.628][DONE][CLIENT][INFO] Adding "minecraft:crafting" recipe, of type: "shaped", with name: "crafttweaker:thruster_white_yellow" that outputs: <item:futurepack:thruster_maneuver_white_yellow>.mutable()
[17:54:33.629][DONE][CLIENT][INFO] Adding "minecraft:crafting" recipe, of type: "shaped", with name: "crafttweaker:thruster_white_purple" that outputs: <item:futurepack:thruster_maneuver_white_purple>.mutable()
[17:54:33.629][DONE][CLIENT][INFO] Adding "minecraft:crafting" recipe, of type: "shaped", with name: "crafttweaker:thruster_gray_blue" that outputs: <item:futurepack:thruster_maneuver_light_gray_blue>.mutable()
[17:54:33.629][DONE][CLIENT][INFO] Adding "minecraft:crafting" recipe, of type: "shaped", with name: "crafttweaker:thruster_gray_yellow" that outputs: <item:futurepack:thruster_maneuver_light_gray_yellow>.mutable()
[17:54:33.630][DONE][CLIENT][INFO] Adding "minecraft:crafting" recipe, of type: "shaped", with name: "crafttweaker:thruster_gray_purple" that outputs: <item:futurepack:thruster_maneuver_light_gray_purple>.mutable()
[17:54:33.630][DONE][CLIENT][INFO] Adding "minecraft:crafting" recipe, of type: "shaped", with name: "crafttweaker:thruster_black_blue" that outputs: <item:futurepack:thruster_maneuver_black_blue>.mutable()
[17:54:33.630][DONE][CLIENT][INFO] Adding "minecraft:crafting" recipe, of type: "shaped", with name: "crafttweaker:thruster_black_yellow" that outputs: <item:futurepack:thruster_maneuver_black_yellow>.mutable()
[17:54:33.630][DONE][CLIENT][INFO] Adding "minecraft:crafting" recipe, of type: "shaped", with name: "crafttweaker:thruster_black_purple" that outputs: <item:futurepack:thruster_maneuver_black_purple>.mutable()
[17:54:33.644][DONE][CLIENT][INFO] Adding Villager trade for Profession: 'bojangler' and Level: '1'
[17:54:33.645][DONE][CLIENT][INFO] Adding Villager trade for Profession: 'bojangler' and Level: '1'
[17:54:33.645][DONE][CLIENT][INFO] Adding Villager trade for Profession: 'bojangler' and Level: '1'
[17:54:33.645][DONE][CLIENT][INFO] Adding Villager trade for Profession: 'bojangler' and Level: '1'
[17:54:33.645][DONE][CLIENT][INFO] Adding Villager trade for Profession: 'bojangler' and Level: '2'
[17:54:33.645][DONE][CLIENT][INFO] Adding Villager trade for Profession: 'bojangler' and Level: '2'
[17:54:33.645][DONE][CLIENT][INFO] Adding Villager trade for Profession: 'bojangler' and Level: '2'
[17:54:33.645][DONE][CLIENT][INFO] Adding Villager trade for Profession: 'bojangler' and Level: '3'
[17:54:33.645][DONE][CLIENT][INFO] Adding Villager trade for Profession: 'bojangler' and Level: '3'
[17:54:33.645][DONE][CLIENT][INFO] Adding Villager trade for Profession: 'bojangler' and Level: '3'
[17:54:33.645][DONE][CLIENT][INFO] Adding Villager trade for Profession: 'bojangler' and Level: '4'
[17:54:33.645][DONE][CLIENT][INFO] Adding Villager trade for Profession: 'bojangler' and Level: '4'
[17:54:33.645][DONE][CLIENT][INFO] Adding Villager trade for Profession: 'bojangler' and Level: '4'
[17:54:33.645][DONE][CLIENT][INFO] Adding Villager trade for Profession: 'inner_bojangler' and Level: '1'
[17:54:33.645][DONE][CLIENT][INFO] Adding Villager trade for Profession: 'inner_bojangler' and Level: '1'
[17:54:33.645][DONE][CLIENT][INFO] Adding Villager trade for Profession: 'inner_bojangler' and Level: '1'
[17:54:33.645][DONE][CLIENT][INFO] Adding Villager trade for Profession: 'inner_bojangler' and Level: '2'
[17:54:33.645][DONE][CLIENT][INFO] Adding Villager trade for Profession: 'inner_bojangler' and Level: '2'
[17:54:33.645][DONE][CLIENT][INFO] Adding Villager trade for Profession: 'inner_bojangler' and Level: '2'
[17:54:33.645][DONE][CLIENT][INFO] Adding Villager trade for Profession: 'inner_bojangler' and Level: '3'
[17:54:33.645][DONE][CLIENT][INFO] Adding Villager trade for Profession: 'inner_bojangler' and Level: '3'
[17:54:33.645][DONE][CLIENT][INFO] Adding Villager trade for Profession: 'inner_bojangler' and Level: '3'
[17:54:33.645][DONE][CLIENT][INFO] Adding Villager trade for Profession: 'inner_bojangler' and Level: '4'
[17:54:33.645][DONE][CLIENT][INFO] Adding Villager trade for Profession: 'inner_bojangler' and Level: '4'
[17:54:33.645][DONE][CLIENT][INFO] Adding Villager trade for Profession: 'inner_bojangler' and Level: '4'
[17:54:33.645][DONE][CLIENT][INFO] Adding Villager trade for Profession: 'mid_bojangler' and Level: '1'
[17:54:33.645][DONE][CLIENT][INFO] Adding Villager trade for Profession: 'mid_bojangler' and Level: '1'
[17:54:33.645][DONE][CLIENT][INFO] Adding Villager trade for Profession: 'mid_bojangler' and Level: '1'
[17:54:33.645][DONE][CLIENT][INFO] Adding Villager trade for Profession: 'mid_bojangler' and Level: '1'
[17:54:33.645][DONE][CLIENT][INFO] Adding Villager trade for Profession: 'mid_bojangler' and Level: '2'
[17:54:33.645][DONE][CLIENT][INFO] Adding Villager trade for Profession: 'mid_bojangler' and Level: '2'
[17:54:33.646][DONE][CLIENT][INFO] Adding Villager trade for Profession: 'mid_bojangler' and Level: '2'
[17:54:33.646][DONE][CLIENT][INFO] Adding Villager trade for Profession: 'mid_bojangler' and Level: '2'
[17:54:33.646][DONE][CLIENT][INFO] Adding Villager trade for Profession: 'mid_bojangler' and Level: '3'
[17:54:33.646][DONE][CLIENT][INFO] Adding Villager trade for Profession: 'mid_bojangler' and Level: '3'
[17:54:33.646][DONE][CLIENT][INFO] Adding Villager trade for Profession: 'mid_bojangler' and Level: '3'
[17:54:33.646][DONE][CLIENT][INFO] Adding Villager trade for Profession: 'mid_bojangler' and Level: '3'
[17:54:33.646][DONE][CLIENT][INFO] Adding Villager trade for Profession: 'mid_bojangler' and Level: '4'
[17:54:33.646][DONE][CLIENT][INFO] Adding Villager trade for Profession: 'mid_bojangler' and Level: '4'
[17:54:33.646][DONE][CLIENT][INFO] Adding Villager trade for Profession: 'mid_bojangler' and Level: '4'
[17:54:33.646][DONE][CLIENT][INFO] Adding Villager trade for Profession: 'mid_bojangler' and Level: '4'
[17:54:33.646][DONE][CLIENT][INFO] Adding Villager trade for Profession: 'outer_bojangler' and Level: '1'
[17:54:33.646][DONE][CLIENT][INFO] Adding Villager trade for Profession: 'outer_bojangler' and Level: '1'
[17:54:33.646][DONE][CLIENT][INFO] Adding Villager trade for Profession: 'outer_bojangler' and Level: '1'
[17:54:33.646][DONE][CLIENT][INFO] Adding Villager trade for Profession: 'outer_bojangler' and Level: '1'
[17:54:33.646][DONE][CLIENT][INFO] Adding Villager trade for Profession: 'outer_bojangler' and Level: '2'
[17:54:33.646][DONE][CLIENT][INFO] Adding Villager trade for Profession: 'outer_bojangler' and Level: '2'
[17:54:33.646][DONE][CLIENT][INFO] Adding Villager trade for Profession: 'outer_bojangler' and Level: '2'
[17:54:33.646][DONE][CLIENT][INFO] Adding Villager trade for Profession: 'outer_bojangler' and Level: '2'
[17:54:33.646][DONE][CLIENT][INFO] Adding Villager trade for Profession: 'outer_bojangler' and Level: '3'
[17:54:33.646][DONE][CLIENT][INFO] Adding Villager trade for Profession: 'outer_bojangler' and Level: '3'
[17:54:33.646][DONE][CLIENT][INFO] Adding Villager trade for Profession: 'outer_bojangler' and Level: '3'
[17:54:33.646][DONE][CLIENT][INFO] Adding Villager trade for Profession: 'outer_bojangler' and Level: '3'
[17:54:33.646][DONE][CLIENT][INFO] Adding Villager trade for Profession: 'outer_bojangler' and Level: '4'
[17:54:33.646][DONE][CLIENT][INFO] Adding Villager trade for Profession: 'outer_bojangler' and Level: '4'
[17:54:33.646][DONE][CLIENT][INFO] Adding Villager trade for Profession: 'outer_bojangler' and Level: '4'
[17:54:33.646][DONE][CLIENT][INFO] Adding Villager trade for Profession: 'outer_bojangler' and Level: '4'
[17:54:33.646][DONE][CLIENT][INFO] Adding Villager trade for Profession: 'farmer' and Level: '1'
[17:54:33.646][DONE][CLIENT][INFO] Adding Villager trade for Profession: 'farmer' and Level: '1'
[17:54:33.646][DONE][CLIENT][INFO] Adding Villager trade for Profession: 'farmer' and Level: '1'
[17:54:33.646][DONE][CLIENT][INFO] Adding Villager trade for Profession: 'farmer' and Level: '1'
[17:54:33.646][DONE][CLIENT][INFO] Adding Villager trade for Profession: 'farmer' and Level: '1'
[17:54:33.646][DONE][CLIENT][INFO] Adding Villager trade for Profession: 'farmer' and Level: '2'
[17:54:33.646][DONE][CLIENT][INFO] Adding Villager trade for Profession: 'farmer' and Level: '2'
[17:54:33.646][DONE][CLIENT][INFO] Adding Villager trade for Profession: 'farmer' and Level: '2'
[17:54:33.646][DONE][CLIENT][INFO] Adding Villager trade for Profession: 'farmer' and Level: '2'
[17:54:33.646][DONE][CLIENT][INFO] Adding Villager trade for Profession: 'farmer' and Level: '2'
[17:54:33.647][DONE][CLIENT][INFO] Adding Villager trade for Profession: 'farmer' and Level: '2'
[17:54:33.647][DONE][CLIENT][INFO] Adding Villager trade for Profession: 'farmer' and Level: '3'
[17:54:33.647][DONE][CLIENT][INFO] Adding Villager trade for Profession: 'farmer' and Level: '3'
[17:54:33.647][DONE][CLIENT][INFO] Adding Villager trade for Profession: 'farmer' and Level: '3'
[17:54:33.647][DONE][CLIENT][INFO] Adding Villager trade for Profession: 'farmer' and Level: '3'
[17:54:33.647][DONE][CLIENT][INFO] Adding Villager trade for Profession: 'farmer' and Level: '3'
[17:54:33.647][DONE][CLIENT][INFO] Adding Villager trade for Profession: 'farmer' and Level: '3'
[17:54:33.647][DONE][CLIENT][INFO] Adding Villager trade for Profession: 'farmer' and Level: '3'
[17:54:33.647][DONE][CLIENT][INFO] Adding Villager trade for Profession: 'farmer' and Level: '4'
[17:54:33.647][DONE][CLIENT][INFO] Adding Villager trade for Profession: 'farmer' and Level: '4'
[17:54:33.647][DONE][CLIENT][INFO] Adding Villager trade for Profession: 'farmer' and Level: '4'
[17:54:33.647][DONE][CLIENT][INFO] Adding Villager trade for Profession: 'farmer' and Level: '4'
[17:54:33.647][DONE][CLIENT][INFO] Adding Villager trade for Profession: 'farmer' and Level: '4'
[17:54:33.647][DONE][CLIENT][INFO] Adding Villager trade for Profession: 'mason' and Level: '1'
[17:54:33.647][DONE][CLIENT][INFO] Adding Villager trade for Profession: 'mason' and Level: '2'
[17:54:33.647][DONE][CLIENT][INFO] Adding Villager trade for Profession: 'mason' and Level: '2'
[17:54:33.647][DONE][CLIENT][INFO] Adding Villager trade for Profession: 'mason' and Level: '3'
[17:54:33.647][DONE][CLIENT][INFO] Adding Villager trade for Profession: 'mason' and Level: '3'
[17:54:33.647][DONE][CLIENT][INFO] Adding Villager trade for Profession: 'mason' and Level: '3'
[17:54:33.647][DONE][CLIENT][INFO] Adding Villager trade for Profession: 'mason' and Level: '3'
[17:54:33.647][DONE][CLIENT][INFO] Adding Villager trade for Profession: 'mason' and Level: '3'
[17:54:33.647][DONE][CLIENT][INFO] Adding Villager trade for Profession: 'mason' and Level: '3'
[17:54:33.647][DONE][CLIENT][INFO] Adding Villager trade for Profession: 'mason' and Level: '3'
[17:54:33.647][DONE][CLIENT][INFO] Adding Villager trade for Profession: 'mason' and Level: '3'
[17:54:33.647][DONE][CLIENT][INFO] Adding Villager trade for Profession: 'mason' and Level: '3'
[17:54:33.647][DONE][CLIENT][INFO] Adding Villager trade for Profession: 'mason' and Level: '3'
[17:54:33.647][DONE][CLIENT][INFO] Adding Villager trade for Profession: 'mason' and Level: '4'
[17:54:33.647][DONE][CLIENT][INFO] Adding Villager trade for Profession: 'mason' and Level: '4'
[17:54:33.647][DONE][CLIENT][INFO] Adding Villager trade for Profession: 'mason' and Level: '4'
[17:54:33.647][DONE][CLIENT][INFO] Adding Villager trade for Profession: 'mason' and Level: '4'
[17:54:33.647][DONE][CLIENT][INFO] Adding Villager trade for Profession: 'mason' and Level: '4'
[17:54:33.647][DONE][CLIENT][INFO] Adding Villager trade for Profession: 'fisherman' and Level: '1'
[17:54:33.647][DONE][CLIENT][INFO] Adding Villager trade for Profession: 'fisherman' and Level: '2'
[17:54:33.647][DONE][CLIENT][INFO] Adding Villager trade for Profession: 'fisherman' and Level: '3'
[17:54:33.647][DONE][CLIENT][INFO] Adding Villager trade for Profession: 'fletcher' and Level: '1'
[17:54:33.647][DONE][CLIENT][INFO] Adding Villager trade for Profession: 'fletcher' and Level: '2'
[17:54:33.647][DONE][CLIENT][INFO] Adding Villager trade for Profession: 'fletcher' and Level: '3'
[17:54:33.647][DONE][CLIENT][INFO] Adding Villager trade for Profession: 'toolsmith' and Level: '1'
[17:54:33.648][DONE][CLIENT][INFO] Adding Villager trade for Profession: 'armorer' and Level: '1'
[17:54:33.648][DONE][CLIENT][INFO] Adding Villager trade for Profession: 'weaponsmith' and Level: '1'
[17:54:33.648][DONE][CLIENT][INFO] Adding Villager trade for Profession: 'toolsmith' and Level: '2'
[17:54:33.648][DONE][CLIENT][INFO] Adding Villager trade for Profession: 'armorer' and Level: '2'
[17:54:33.648][DONE][CLIENT][INFO] Adding Villager trade for Profession: 'weaponsmith' and Level: '2'
[17:54:33.648][DONE][CLIENT][INFO] Adding Villager trade for Profession: 'toolsmith' and Level: '3'
[17:54:33.648][DONE][CLIENT][INFO] Adding Villager trade for Profession: 'armorer' and Level: '3'
[17:54:33.648][DONE][CLIENT][INFO] Adding Villager trade for Profession: 'weaponsmith' and Level: '3'
[17:54:33.648][DONE][CLIENT][INFO] Adding Villager trade for Profession: 'toolsmith' and Level: '4'
[17:54:33.648][DONE][CLIENT][INFO] Adding Villager trade for Profession: 'armorer' and Level: '4'
[17:54:33.648][DONE][CLIENT][INFO] Adding Villager trade for Profession: 'weaponsmith' and Level: '4'
[17:54:33.648][DONE][CLIENT][INFO] Adding Villager trade for Profession: 'toolsmith' and Level: '4'
[17:54:33.648][DONE][CLIENT][INFO] Adding Villager trade for Profession: 'armorer' and Level: '4'
[17:54:33.648][DONE][CLIENT][INFO] Adding Villager trade for Profession: 'weaponsmith' and Level: '4'
[17:54:33.648][DONE][CLIENT][INFO] Adding Villager trade for Profession: 'nightwatcher' and Level: '1'
[17:54:33.648][DONE][CLIENT][INFO] Adding Villager trade for Profession: 'shoveler' and Level: '1'
[17:54:33.648][DONE][CLIENT][INFO] Adding Villager trade for Profession: 'stargazer' and Level: '1'
[17:54:33.648][DONE][CLIENT][INFO] Adding Villager trade for Profession: 'nightwatcher' and Level: '2'
[17:54:33.648][DONE][CLIENT][INFO] Adding Villager trade for Profession: 'shoveler' and Level: '2'
[17:54:33.648][DONE][CLIENT][INFO] Adding Villager trade for Profession: 'stargazer' and Level: '2'
[17:54:33.648][DONE][CLIENT][INFO] Adding Villager trade for Profession: 'nitwit' and Level: '1'
[17:54:33.648][DONE][CLIENT][INFO] Adding Villager trade for Profession: 'nitwit' and Level: '1'
[17:54:33.648][DONE][CLIENT][INFO] Adding Villager trade for Profession: 'nitwit' and Level: '1'
[17:54:33.648][DONE][CLIENT][INFO] Adding Villager trade for Profession: 'nitwit' and Level: '1'
[17:54:33.648][DONE][CLIENT][INFO] Adding Villager trade for Profession: 'nitwit' and Level: '1'
[17:54:33.648][DONE][CLIENT][INFO] Adding Villager trade for Profession: 'nitwit' and Level: '1'
[17:54:33.648][DONE][CLIENT][INFO] Adding Villager trade for Profession: 'nitwit' and Level: '2'
[17:54:33.648][DONE][CLIENT][INFO] Adding Villager trade for Profession: 'nitwit' and Level: '2'
[17:54:33.648][DONE][CLIENT][INFO] Adding Villager trade for Profession: 'nitwit' and Level: '2'
[17:54:33.648][DONE][CLIENT][INFO] Adding Villager trade for Profession: 'nitwit' and Level: '2'
[17:54:33.648][DONE][CLIENT][INFO] Adding Villager trade for Profession: 'nitwit' and Level: '2'
[17:54:33.648][DONE][CLIENT][INFO] Adding Villager trade for Profession: 'nitwit' and Level: '3'
[17:54:33.648][DONE][CLIENT][INFO] Adding Villager trade for Profession: 'nitwit' and Level: '3'
[17:54:33.648][DONE][CLIENT][INFO] Adding Villager trade for Profession: 'nitwit' and Level: '3'
[17:54:33.648][DONE][CLIENT][INFO] Adding Villager trade for Profession: 'nitwit' and Level: '3'
[17:54:33.648][DONE][CLIENT][INFO] Adding Villager trade for Profession: 'nitwit' and Level: '3'
[17:54:33.649][DONE][CLIENT][INFO] Adding Villager trade for Profession: 'nitwit' and Level: '3'
[17:54:33.649][DONE][CLIENT][INFO] Adding Villager trade for Profession: 'nitwit' and Level: '3'
[17:54:33.649][DONE][CLIENT][INFO] Adding Villager trade for Profession: 'nitwit' and Level: '3'
[17:54:33.649][DONE][CLIENT][INFO] Adding Villager trade for Profession: 'nitwit' and Level: '4'
[17:54:33.649][DONE][CLIENT][INFO] Adding Villager trade for Profession: 'nitwit' and Level: '4'
[17:54:33.649][DONE][CLIENT][INFO] Adding Villager trade for Profession: 'nitwit' and Level: '4'
[17:54:33.649][DONE][CLIENT][INFO] Adding Villager trade for Profession: 'nitwit' and Level: '4'
[17:54:33.649][DONE][CLIENT][INFO] Adding Villager trade for Profession: 'nitwit' and Level: '2'
[17:54:33.649][DONE][CLIENT][INFO] Adding Villager trade for Profession: 'nitwit' and Level: '4'
[17:54:33.649][DONE][CLIENT][INFO] Adding Villager trade for Profession: 'nitwit' and Level: '4'
[17:54:33.649][DONE][CLIENT][INFO] Finished loading Scripts!
[17:54:33.654][DONE][CLIENT][INFO] This reload was made possible by NerdyWhiteGuy and more! Become a patron at https://patreon.com/jaredlll08?s=crtmod
