[12Sep2023 00:07:00.380] [Server thread/INFO] [net.minecraft.network.play.ServerPlayNetHandler/]: Endurium lost connection: Disconnected
[12Sep2023 00:07:00.389] [Server thread/INFO] [net.minecraft.server.dedicated.DedicatedServer/]: Endurium left the game
[12Sep2023 00:14:54.533] [Server thread/INFO] [tombstone/]: All players have been successfully backed up
[12Sep2023 00:34:54.535] [Server thread/INFO] [tombstone/]: All players have been successfully backed up
[12Sep2023 00:54:54.580] [Server thread/INFO] [tombstone/]: All players have been successfully backed up
[12Sep2023 01:14:54.635] [Server thread/INFO] [tombstone/]: All players have been successfully backed up
[12Sep2023 01:34:54.681] [Server thread/INFO] [tombstone/]: All players have been successfully backed up
[12Sep2023 01:54:54.688] [Server thread/INFO] [tombstone/]: All players have been successfully backed up
[12Sep2023 02:14:54.732] [Server thread/INFO] [tombstone/]: All players have been successfully backed up
[12Sep2023 02:34:54.777] [Server thread/INFO] [tombstone/]: All players have been successfully backed up
[12Sep2023 02:54:54.783] [Server thread/INFO] [tombstone/]: All players have been successfully backed up
[12Sep2023 03:14:54.786] [Server thread/INFO] [tombstone/]: All players have been successfully backed up
[12Sep2023 03:34:54.836] [Server thread/INFO] [tombstone/]: All players have been successfully backed up
[12Sep2023 03:54:54.876] [Server thread/INFO] [tombstone/]: All players have been successfully backed up
[12Sep2023 04:14:54.887] [Server thread/INFO] [tombstone/]: All players have been successfully backed up
[12Sep2023 04:34:54.926] [Server thread/INFO] [tombstone/]: All players have been successfully backed up
[12Sep2023 04:54:54.934] [Server thread/INFO] [tombstone/]: All players have been successfully backed up
[12Sep2023 05:14:54.976] [Server thread/INFO] [tombstone/]: All players have been successfully backed up
[12Sep2023 05:34:54.979] [Server thread/INFO] [tombstone/]: All players have been successfully backed up
[12Sep2023 05:54:54.986] [Server thread/INFO] [tombstone/]: All players have been successfully backed up
[12Sep2023 06:14:54.986] [Server thread/INFO] [tombstone/]: All players have been successfully backed up
[12Sep2023 06:34:55.032] [Server thread/INFO] [tombstone/]: All players have been successfully backed up
[12Sep2023 06:54:55.038] [Server thread/INFO] [tombstone/]: All players have been successfully backed up
[12Sep2023 07:14:55.072] [Server thread/INFO] [tombstone/]: All players have been successfully backed up
[12Sep2023 07:34:55.080] [Server thread/INFO] [tombstone/]: All players have been successfully backed up
[12Sep2023 07:54:55.135] [Server thread/INFO] [tombstone/]: All players have been successfully backed up
[12Sep2023 08:14:55.173] [Server thread/INFO] [tombstone/]: All players have been successfully backed up
[12Sep2023 08:34:55.183] [Server thread/INFO] [tombstone/]: All players have been successfully backed up
[12Sep2023 08:54:55.225] [Server thread/INFO] [tombstone/]: All players have been successfully backed up
[12Sep2023 09:14:55.285] [Server thread/INFO] [tombstone/]: All players have been successfully backed up
[12Sep2023 09:34:55.328] [Server thread/INFO] [tombstone/]: All players have been successfully backed up
[12Sep2023 09:54:55.336] [Server thread/INFO] [tombstone/]: All players have been successfully backed up
[12Sep2023 10:14:55.385] [Server thread/INFO] [tombstone/]: All players have been successfully backed up
[12Sep2023 10:34:55.425] [Server thread/INFO] [tombstone/]: All players have been successfully backed up
[12Sep2023 10:54:55.432] [Server thread/INFO] [tombstone/]: All players have been successfully backed up
[12Sep2023 11:14:55.432] [Server thread/INFO] [tombstone/]: All players have been successfully backed up
[12Sep2023 11:34:55.485] [Server thread/INFO] [tombstone/]: All players have been successfully backed up
[12Sep2023 11:54:55.485] [Server thread/INFO] [tombstone/]: All players have been successfully backed up
[12Sep2023 12:14:55.530] [Server thread/INFO] [tombstone/]: All players have been successfully backed up
[12Sep2023 12:34:55.536] [Server thread/INFO] [tombstone/]: All players have been successfully backed up
[12Sep2023 12:54:55.578] [Server thread/INFO] [tombstone/]: All players have been successfully backed up
[12Sep2023 13:14:55.581] [Server thread/INFO] [tombstone/]: All players have been successfully backed up
[12Sep2023 13:34:55.627] [Server thread/INFO] [tombstone/]: All players have been successfully backed up
[12Sep2023 13:54:55.633] [Server thread/INFO] [tombstone/]: All players have been successfully backed up
[12Sep2023 14:14:55.674] [Server thread/INFO] [tombstone/]: All players have been successfully backed up
[12Sep2023 14:34:55.678] [Server thread/INFO] [tombstone/]: All players have been successfully backed up
[12Sep2023 14:54:55.682] [Server thread/INFO] [tombstone/]: All players have been successfully backed up
[12Sep2023 15:14:55.735] [Server thread/INFO] [tombstone/]: All players have been successfully backed up
[12Sep2023 15:34:55.774] [Server thread/INFO] [tombstone/]: All players have been successfully backed up
[12Sep2023 15:54:55.774] [Server thread/INFO] [tombstone/]: All players have been successfully backed up
[12Sep2023 16:14:55.781] [Server thread/INFO] [tombstone/]: All players have been successfully backed up
[12Sep2023 16:34:55.825] [Server thread/INFO] [tombstone/]: All players have been successfully backed up
[12Sep2023 16:54:55.830] [Server thread/INFO] [tombstone/]: All players have been successfully backed up
[12Sep2023 17:14:55.872] [Server thread/INFO] [tombstone/]: All players have been successfully backed up
[12Sep2023 17:34:55.872] [Server thread/INFO] [tombstone/]: All players have been successfully backed up
[12Sep2023 17:54:55.872] [Server thread/INFO] [tombstone/]: All players have been successfully backed up
[12Sep2023 18:14:55.873] [Server thread/INFO] [tombstone/]: All players have been successfully backed up
[12Sep2023 18:34:55.873] [Server thread/INFO] [tombstone/]: All players have been successfully backed up
[12Sep2023 18:40:31.073] [Server thread/INFO] [net.minecraft.server.dedicated.DedicatedServer/]: Stopping the server
[12Sep2023 18:40:31.127] [Server thread/INFO] [com.sk89q.worldedit.extension.platform.PlatformManager/]: Unregistering com.sk89q.worldedit.forge.ForgePlatform from WorldEdit
[12Sep2023 18:40:31.174] [Server thread/INFO] [net.minecraft.server.MinecraftServer/]: Stopping server
[12Sep2023 18:40:31.176] [Server thread/INFO] [net.minecraft.server.MinecraftServer/]: Saving players
[12Sep2023 18:40:31.176] [Server thread/INFO] [net.minecraft.server.MinecraftServer/]: Saving worlds
[12Sep2023 18:40:31.176] [Server thread/INFO] [net.minecraft.server.MinecraftServer/]: Saving chunks for level 'ServerLevel[world]'/minecraft:overworld
[12Sep2023 18:40:31.265] [Server thread/INFO] [net.minecraft.world.server.ChunkManager/]: ThreadedAnvilChunkStorage (world): All chunks are saved
[12Sep2023 18:40:31.265] [Server thread/INFO] [net.minecraft.server.MinecraftServer/]: Saving chunks for level 'ServerLevel[world]'/minecraft:the_nether
[12Sep2023 18:40:31.269] [Server thread/INFO] [net.minecraft.world.server.ChunkManager/]: ThreadedAnvilChunkStorage (DIM-1): All chunks are saved
[12Sep2023 18:40:31.269] [Server thread/INFO] [net.minecraft.server.MinecraftServer/]: Saving chunks for level 'ServerLevel[world]'/minecraft:the_end
[12Sep2023 18:40:31.270] [Server thread/INFO] [net.minecraft.world.server.ChunkManager/]: ThreadedAnvilChunkStorage (DIM1): All chunks are saved
[12Sep2023 18:40:31.270] [Server thread/INFO] [net.minecraft.server.MinecraftServer/]: Saving chunks for level 'ServerLevel[world]'/aoa3:celeve
[12Sep2023 18:40:31.271] [Server thread/INFO] [net.minecraft.world.server.ChunkManager/]: ThreadedAnvilChunkStorage (celeve): All chunks are saved
[12Sep2023 18:40:31.271] [Server thread/INFO] [net.minecraft.server.MinecraftServer/]: Saving chunks for level 'ServerLevel[world]'/aoa3:crystevia
[12Sep2023 18:40:31.272] [Server thread/INFO] [net.minecraft.world.server.ChunkManager/]: ThreadedAnvilChunkStorage (crystevia): All chunks are saved
[12Sep2023 18:40:31.272] [Server thread/INFO] [net.minecraft.server.MinecraftServer/]: Saving chunks for level 'ServerLevel[world]'/aoa3:lunalus
[12Sep2023 18:40:31.273] [Server thread/INFO] [net.minecraft.world.server.ChunkManager/]: ThreadedAnvilChunkStorage (lunalus): All chunks are saved
[12Sep2023 18:40:31.273] [Server thread/INFO] [net.minecraft.server.MinecraftServer/]: Saving chunks for level 'ServerLevel[world]'/futurepack:tyros
[12Sep2023 18:40:31.274] [Server thread/INFO] [net.minecraft.world.server.ChunkManager/]: ThreadedAnvilChunkStorage (tyros): All chunks are saved
[12Sep2023 18:40:31.274] [Server thread/INFO] [net.minecraft.server.MinecraftServer/]: Saving chunks for level 'ServerLevel[world]'/aoa3:lelyetia
[12Sep2023 18:40:31.275] [Server thread/INFO] [net.minecraft.world.server.ChunkManager/]: ThreadedAnvilChunkStorage (lelyetia): All chunks are saved
[12Sep2023 18:40:31.275] [Server thread/INFO] [net.minecraft.server.MinecraftServer/]: Saving chunks for level 'ServerLevel[world]'/aoa3:shyrelands
[12Sep2023 18:40:31.276] [Server thread/INFO] [net.minecraft.world.server.ChunkManager/]: ThreadedAnvilChunkStorage (shyrelands): All chunks are saved
[12Sep2023 18:40:31.276] [Server thread/INFO] [net.minecraft.server.MinecraftServer/]: Saving chunks for level 'ServerLevel[world]'/aoa3:abyss
[12Sep2023 18:40:31.276] [Server thread/INFO] [net.minecraft.world.server.ChunkManager/]: ThreadedAnvilChunkStorage (abyss): All chunks are saved
[12Sep2023 18:40:31.276] [Server thread/INFO] [net.minecraft.server.MinecraftServer/]: Saving chunks for level 'ServerLevel[world]'/aoa3:vox_ponds
[12Sep2023 18:40:31.277] [Server thread/INFO] [net.minecraft.world.server.ChunkManager/]: ThreadedAnvilChunkStorage (vox_ponds): All chunks are saved
[12Sep2023 18:40:31.277] [Server thread/INFO] [net.minecraft.server.MinecraftServer/]: Saving chunks for level 'ServerLevel[world]'/blue_skies:everbright
[12Sep2023 18:40:31.278] [Server thread/INFO] [net.minecraft.world.server.ChunkManager/]: ThreadedAnvilChunkStorage (everbright): All chunks are saved
[12Sep2023 18:40:31.279] [Server thread/INFO] [net.minecraft.server.MinecraftServer/]: Saving chunks for level 'ServerLevel[world]'/aoa3:barathos
[12Sep2023 18:40:31.279] [Server thread/INFO] [net.minecraft.world.server.ChunkManager/]: ThreadedAnvilChunkStorage (barathos): All chunks are saved
[12Sep2023 18:40:31.279] [Server thread/INFO] [net.minecraft.server.MinecraftServer/]: Saving chunks for level 'ServerLevel[world]'/futurepack:menelaus
[12Sep2023 18:40:31.280] [Server thread/INFO] [net.minecraft.world.server.ChunkManager/]: ThreadedAnvilChunkStorage (menelaus): All chunks are saved
[12Sep2023 18:40:31.280] [Server thread/INFO] [net.minecraft.server.MinecraftServer/]: Saving chunks for level 'ServerLevel[world]'/aoa3:greckon
[12Sep2023 18:40:31.281] [Server thread/INFO] [net.minecraft.world.server.ChunkManager/]: ThreadedAnvilChunkStorage (greckon): All chunks are saved
[12Sep2023 18:40:31.281] [Server thread/INFO] [net.minecraft.server.MinecraftServer/]: Saving chunks for level 'ServerLevel[world]'/aoa3:runandor
[12Sep2023 18:40:31.282] [Server thread/INFO] [net.minecraft.world.server.ChunkManager/]: ThreadedAnvilChunkStorage (runandor): All chunks are saved
[12Sep2023 18:40:31.282] [Server thread/INFO] [net.minecraft.server.MinecraftServer/]: Saving chunks for level 'ServerLevel[world]'/futurepack:envia
[12Sep2023 18:40:31.283] [Server thread/INFO] [net.minecraft.world.server.ChunkManager/]: ThreadedAnvilChunkStorage (envia): All chunks are saved
[12Sep2023 18:40:31.283] [Server thread/INFO] [net.minecraft.server.MinecraftServer/]: Saving chunks for level 'ServerLevel[world]'/aoa3:lborean
[12Sep2023 18:40:31.284] [Server thread/INFO] [net.minecraft.world.server.ChunkManager/]: ThreadedAnvilChunkStorage (lborean): All chunks are saved
[12Sep2023 18:40:31.284] [Server thread/INFO] [net.minecraft.server.MinecraftServer/]: Saving chunks for level 'ServerLevel[world]'/aoa3:deeplands
[12Sep2023 18:40:31.285] [Server thread/INFO] [net.minecraft.world.server.ChunkManager/]: ThreadedAnvilChunkStorage (deeplands): All chunks are saved
[12Sep2023 18:40:31.285] [Server thread/INFO] [net.minecraft.server.MinecraftServer/]: Saving chunks for level 'ServerLevel[world]'/aoa3:candyland
[12Sep2023 18:40:31.286] [Server thread/INFO] [net.minecraft.world.server.ChunkManager/]: ThreadedAnvilChunkStorage (candyland): All chunks are saved
[12Sep2023 18:40:31.286] [Server thread/INFO] [net.minecraft.server.MinecraftServer/]: Saving chunks for level 'ServerLevel[world]'/aoa3:nowhere
[12Sep2023 18:40:31.287] [Server thread/INFO] [net.minecraft.world.server.ChunkManager/]: ThreadedAnvilChunkStorage (nowhere): All chunks are saved
[12Sep2023 18:40:31.287] [Server thread/INFO] [net.minecraft.server.MinecraftServer/]: Saving chunks for level 'ServerLevel[world]'/aoa3:iromine
[12Sep2023 18:40:31.288] [Server thread/INFO] [net.minecraft.world.server.ChunkManager/]: ThreadedAnvilChunkStorage (iromine): All chunks are saved
[12Sep2023 18:40:31.288] [Server thread/INFO] [net.minecraft.server.MinecraftServer/]: Saving chunks for level 'ServerLevel[world]'/aoa3:gardencia
[12Sep2023 18:40:31.289] [Server thread/INFO] [net.minecraft.world.server.ChunkManager/]: ThreadedAnvilChunkStorage (gardencia): All chunks are saved
[12Sep2023 18:40:31.289] [Server thread/INFO] [net.minecraft.server.MinecraftServer/]: Saving chunks for level 'ServerLevel[world]'/appliedenergistics2:spatial_storage
[12Sep2023 18:40:31.290] [Server thread/INFO] [net.minecraft.world.server.ChunkManager/]: ThreadedAnvilChunkStorage (spatial_storage): All chunks are saved
[12Sep2023 18:40:31.290] [Server thread/INFO] [net.minecraft.server.MinecraftServer/]: Saving chunks for level 'ServerLevel[world]'/blue_skies:everdawn
[12Sep2023 18:40:31.320] [Server thread/INFO] [net.minecraft.world.server.ChunkManager/]: ThreadedAnvilChunkStorage (everdawn): All chunks are saved
[12Sep2023 18:40:31.321] [Server thread/INFO] [net.minecraft.server.MinecraftServer/]: Saving chunks for level 'ServerLevel[world]'/futurepack:asteroid_belt
[12Sep2023 18:40:31.322] [Server thread/INFO] [net.minecraft.world.server.ChunkManager/]: ThreadedAnvilChunkStorage (asteroid_belt): All chunks are saved
[12Sep2023 18:40:31.322] [Server thread/INFO] [net.minecraft.server.MinecraftServer/]: Saving chunks for level 'ServerLevel[world]'/aoa3:creeponia
[12Sep2023 18:40:31.323] [Server thread/INFO] [net.minecraft.world.server.ChunkManager/]: ThreadedAnvilChunkStorage (creeponia): All chunks are saved
[12Sep2023 18:40:31.323] [Server thread/INFO] [net.minecraft.server.MinecraftServer/]: Saving chunks for level 'ServerLevel[world]'/futurepack:below_bedrock
[12Sep2023 18:40:31.324] [Server thread/INFO] [net.minecraft.world.server.ChunkManager/]: ThreadedAnvilChunkStorage (below_bedrock): All chunks are saved
[12Sep2023 18:40:31.324] [Server thread/INFO] [net.minecraft.server.MinecraftServer/]: Saving chunks for level 'ServerLevel[world]'/aoa3:dustopia
[12Sep2023 18:40:31.325] [Server thread/INFO] [net.minecraft.world.server.ChunkManager/]: ThreadedAnvilChunkStorage (dustopia): All chunks are saved
[12Sep2023 18:40:31.325] [Server thread/INFO] [net.minecraft.server.MinecraftServer/]: Saving chunks for level 'ServerLevel[world]'/aoa3:haven
[12Sep2023 18:40:31.325] [Server thread/INFO] [net.minecraft.world.server.ChunkManager/]: ThreadedAnvilChunkStorage (haven): All chunks are saved
[12Sep2023 18:40:31.325] [Server thread/INFO] [net.minecraft.server.MinecraftServer/]: Saving chunks for level 'ServerLevel[world]'/aoa3:mysterium
[12Sep2023 18:40:31.326] [Server thread/INFO] [net.minecraft.world.server.ChunkManager/]: ThreadedAnvilChunkStorage (mysterium): All chunks are saved
[12Sep2023 18:40:31.326] [Server thread/INFO] [net.minecraft.server.MinecraftServer/]: Saving chunks for level 'ServerLevel[world]'/aoa3:precasia
[12Sep2023 18:40:31.327] [Server thread/INFO] [net.minecraft.world.server.ChunkManager/]: ThreadedAnvilChunkStorage (precasia): All chunks are saved
[12Sep2023 18:40:31.400] [Server thread/INFO] [net.minecraft.world.server.ChunkManager/]: ThreadedAnvilChunkStorage (world): All chunks are saved
[12Sep2023 18:40:31.407] [Server thread/INFO] [net.minecraft.world.server.ChunkManager/]: ThreadedAnvilChunkStorage (DIM-1): All chunks are saved
[12Sep2023 18:40:31.408] [Server thread/INFO] [net.minecraft.world.server.ChunkManager/]: ThreadedAnvilChunkStorage (DIM1): All chunks are saved
[12Sep2023 18:40:31.408] [Server thread/INFO] [net.minecraft.world.server.ChunkManager/]: ThreadedAnvilChunkStorage (celeve): All chunks are saved
[12Sep2023 18:40:31.409] [Server thread/INFO] [net.minecraft.world.server.ChunkManager/]: ThreadedAnvilChunkStorage (crystevia): All chunks are saved
[12Sep2023 18:40:31.409] [Server thread/INFO] [net.minecraft.world.server.ChunkManager/]: ThreadedAnvilChunkStorage (lunalus): All chunks are saved
[12Sep2023 18:40:31.410] [Server thread/INFO] [net.minecraft.world.server.ChunkManager/]: ThreadedAnvilChunkStorage (tyros): All chunks are saved
[12Sep2023 18:40:31.410] [Server thread/INFO] [net.minecraft.world.server.ChunkManager/]: ThreadedAnvilChunkStorage (lelyetia): All chunks are saved
[12Sep2023 18:40:31.411] [Server thread/INFO] [net.minecraft.world.server.ChunkManager/]: ThreadedAnvilChunkStorage (shyrelands): All chunks are saved
[12Sep2023 18:40:31.412] [Server thread/INFO] [net.minecraft.world.server.ChunkManager/]: ThreadedAnvilChunkStorage (abyss): All chunks are saved
[12Sep2023 18:40:31.412] [Server thread/INFO] [net.minecraft.world.server.ChunkManager/]: ThreadedAnvilChunkStorage (vox_ponds): All chunks are saved
[12Sep2023 18:40:31.412] [Server thread/INFO] [net.minecraft.world.server.ChunkManager/]: ThreadedAnvilChunkStorage (everbright): All chunks are saved
[12Sep2023 18:40:31.413] [Server thread/INFO] [net.minecraft.world.server.ChunkManager/]: ThreadedAnvilChunkStorage (barathos): All chunks are saved
[12Sep2023 18:40:31.413] [Server thread/INFO] [net.minecraft.world.server.ChunkManager/]: ThreadedAnvilChunkStorage (menelaus): All chunks are saved
[12Sep2023 18:40:31.413] [Server thread/INFO] [net.minecraft.world.server.ChunkManager/]: ThreadedAnvilChunkStorage (greckon): All chunks are saved
[12Sep2023 18:40:31.414] [Server thread/INFO] [net.minecraft.world.server.ChunkManager/]: ThreadedAnvilChunkStorage (runandor): All chunks are saved
[12Sep2023 18:40:31.414] [Server thread/INFO] [net.minecraft.world.server.ChunkManager/]: ThreadedAnvilChunkStorage (envia): All chunks are saved
[12Sep2023 18:40:31.414] [Server thread/INFO] [net.minecraft.world.server.ChunkManager/]: ThreadedAnvilChunkStorage (lborean): All chunks are saved
[12Sep2023 18:40:31.415] [Server thread/INFO] [net.minecraft.world.server.ChunkManager/]: ThreadedAnvilChunkStorage (deeplands): All chunks are saved
[12Sep2023 18:40:31.415] [Server thread/INFO] [net.minecraft.world.server.ChunkManager/]: ThreadedAnvilChunkStorage (candyland): All chunks are saved
[12Sep2023 18:40:31.416] [Server thread/INFO] [net.minecraft.world.server.ChunkManager/]: ThreadedAnvilChunkStorage (nowhere): All chunks are saved
[12Sep2023 18:40:31.417] [Server thread/INFO] [net.minecraft.world.server.ChunkManager/]: ThreadedAnvilChunkStorage (iromine): All chunks are saved
[12Sep2023 18:40:31.417] [Server thread/INFO] [net.minecraft.world.server.ChunkManager/]: ThreadedAnvilChunkStorage (gardencia): All chunks are saved
[12Sep2023 18:40:31.417] [Server thread/INFO] [net.minecraft.world.server.ChunkManager/]: ThreadedAnvilChunkStorage (spatial_storage): All chunks are saved
[12Sep2023 18:40:31.445] [Server thread/INFO] [net.minecraft.world.server.ChunkManager/]: ThreadedAnvilChunkStorage (everdawn): All chunks are saved
[12Sep2023 18:40:31.460] [Server thread/INFO] [net.minecraft.world.server.ChunkManager/]: ThreadedAnvilChunkStorage (asteroid_belt): All chunks are saved
[12Sep2023 18:40:31.460] [Server thread/INFO] [net.minecraft.world.server.ChunkManager/]: ThreadedAnvilChunkStorage (creeponia): All chunks are saved
[12Sep2023 18:40:31.461] [Server thread/INFO] [net.minecraft.world.server.ChunkManager/]: ThreadedAnvilChunkStorage (below_bedrock): All chunks are saved
[12Sep2023 18:40:31.461] [Server thread/INFO] [net.minecraft.world.server.ChunkManager/]: ThreadedAnvilChunkStorage (dustopia): All chunks are saved
[12Sep2023 18:40:31.461] [Server thread/INFO] [net.minecraft.world.server.ChunkManager/]: ThreadedAnvilChunkStorage (haven): All chunks are saved
[12Sep2023 18:40:31.462] [Server thread/INFO] [net.minecraft.world.server.ChunkManager/]: ThreadedAnvilChunkStorage (mysterium): All chunks are saved
[12Sep2023 18:40:31.462] [Server thread/INFO] [net.minecraft.world.server.ChunkManager/]: ThreadedAnvilChunkStorage (precasia): All chunks are saved
[12Sep2023 18:40:31.466] [Server thread/INFO] [FluxNetworks/]: FluxNetworkData has been unloaded
